<?xml version="1.0" encoding="UTF-8"?>
<coverage generated="1560879861160" clover="3.2.0">
  <project timestamp="1560879861160" name="All files">
    <metrics statements="495" coveredstatements="429" conditionals="188" coveredconditionals="147" methods="81" coveredmethods="74" elements="764" coveredelements="650" complexity="0" loc="495" ncloc="495" packages="10" files="20" classes="20"/>
    <package name="capital-framework.src">
      <metrics statements="4" coveredstatements="0" conditionals="0" coveredconditionals="0" methods="0" coveredmethods="0"/>
      <file name="capital-framework.js" path="/Users/contolinic/Sites/capital-framework/packages/capital-framework/src/capital-framework.js">
        <metrics statements="4" coveredstatements="0" conditionals="0" coveredconditionals="0" methods="0" coveredmethods="0"/>
        <line num="2" count="0" type="stmt"/>
        <line num="3" count="0" type="stmt"/>
        <line num="5" count="0" type="stmt"/>
        <line num="6" count="0" type="stmt"/>
      </file>
    </package>
    <package name="cf-atomic-component.src.components">
      <metrics statements="121" coveredstatements="97" conditionals="48" coveredconditionals="37" methods="17" coveredmethods="16"/>
      <file name="Atom.js" path="/Users/contolinic/Sites/capital-framework/packages/cf-atomic-component/src/components/Atom.js">
        <metrics statements="4" coveredstatements="0" conditionals="0" coveredconditionals="0" methods="0" coveredmethods="0"/>
        <line num="8" count="0" type="stmt"/>
        <line num="9" count="0" type="stmt"/>
        <line num="11" count="0" type="stmt"/>
        <line num="16" count="0" type="stmt"/>
      </file>
      <file name="AtomicComponent.js" path="/Users/contolinic/Sites/capital-framework/packages/cf-atomic-component/src/components/AtomicComponent.js">
        <metrics statements="101" coveredstatements="93" conditionals="48" coveredconditionals="37" methods="17" coveredmethods="16"/>
        <line num="13" count="3" type="stmt"/>
        <line num="14" count="3" type="stmt"/>
        <line num="15" count="3" type="stmt"/>
        <line num="16" count="3" type="stmt"/>
        <line num="28" count="43" type="stmt"/>
        <line num="29" count="43" type="stmt"/>
        <line num="30" count="43" type="stmt"/>
        <line num="31" count="43" type="stmt"/>
        <line num="32" count="43" type="stmt"/>
        <line num="33" count="43" type="stmt"/>
        <line num="34" count="43" type="stmt"/>
        <line num="35" count="43" type="stmt"/>
        <line num="36" count="43" type="stmt"/>
        <line num="37" count="44" type="cond" truecount="2" falsecount="0"/>
        <line num="39" count="43" type="stmt"/>
        <line num="43" count="3" type="stmt"/>
        <line num="55" count="43" type="cond" truecount="2" falsecount="0"/>
        <line num="56" count="40" type="stmt"/>
        <line num="59" count="3" type="stmt"/>
        <line num="60" count="6" type="stmt"/>
        <line num="61" count="6" type="cond" truecount="2" falsecount="0"/>
        <line num="62" count="3" type="cond" truecount="2" falsecount="0"/>
        <line num="63" count="1" type="stmt"/>
        <line num="64" count="1" type="stmt"/>
        <line num="66" count="3" type="stmt"/>
        <line num="77" count="1" type="stmt"/>
        <line num="84" count="43" type="cond" truecount="2" falsecount="0"/>
        <line num="85" count="3" type="stmt"/>
        <line num="86" count="3" type="cond" truecount="2" falsecount="0"/>
        <line num="87" count="3" type="cond" truecount="2" falsecount="0"/>
        <line num="88" count="3" type="stmt"/>
        <line num="89" count="3" type="stmt"/>
        <line num="91" count="40" type="stmt"/>
        <line num="93" count="43" type="stmt"/>
        <line num="103" count="43" type="cond" truecount="2" falsecount="0"/>
        <line num="104" count="40" type="stmt"/>
        <line num="106" count="43" type="stmt"/>
        <line num="107" count="43" type="stmt"/>
        <line num="109" count="43" type="stmt"/>
        <line num="120" count="43" type="stmt"/>
        <line num="124" count="43" type="stmt"/>
        <line num="125" count="147" type="cond" truecount="1" falsecount="1"/>
        <line num="126" count="147" type="stmt"/>
        <line num="127" count="147" type="cond" truecount="2" falsecount="0"/>
        <line num="128" count="113" type="stmt"/>
        <line num="129" count="34" type="cond" truecount="2" falsecount="0"/>
        <line num="130" count="2" type="stmt"/>
        <line num="132" count="32" type="stmt"/>
        <line num="136" count="43" type="stmt"/>
        <line num="138" count="43" type="stmt"/>
        <line num="149" count="0" type="cond" truecount="0" falsecount="2"/>
        <line num="150" count="0" type="stmt"/>
        <line num="151" count="0" type="cond" truecount="0" falsecount="2"/>
        <line num="152" count="0" type="stmt"/>
        <line num="154" count="0" type="stmt"/>
        <line num="155" count="0" type="stmt"/>
        <line num="157" count="0" type="stmt"/>
        <line num="168" count="3" type="stmt"/>
        <line num="169" count="4" type="cond" truecount="1" falsecount="1"/>
        <line num="170" count="4" type="stmt"/>
        <line num="185" count="43" type="stmt"/>
        <line num="190" count="43" type="cond" truecount="2" falsecount="0"/>
        <line num="191" count="43" type="cond" truecount="2" falsecount="0"/>
        <line num="192" count="30" type="stmt"/>
        <line num="193" count="30" type="stmt"/>
        <line num="194" count="30" type="stmt"/>
        <line num="195" count="30" type="cond" truecount="1" falsecount="1"/>
        <line num="196" count="30" type="stmt"/>
        <line num="197" count="30" type="cond" truecount="1" falsecount="1"/>
        <line num="198" count="30" type="cond" truecount="1" falsecount="1"/>
        <line num="199" count="30" type="stmt"/>
        <line num="200" count="30" type="stmt"/>
        <line num="204" count="30" type="stmt"/>
        <line num="206" count="30" type="stmt"/>
        <line num="219" count="30" type="stmt"/>
        <line num="221" count="30" type="stmt"/>
        <line num="230" count="70" type="cond" truecount="1" falsecount="1"/>
        <line num="231" count="0" type="stmt"/>
        <line num="233" count="70" type="stmt"/>
        <line num="235" count="70" type="stmt"/>
        <line num="245" count="43" type="stmt"/>
        <line num="260" count="3" type="stmt"/>
        <line num="268" count="38" type="stmt"/>
        <line num="269" count="38" type="stmt"/>
        <line num="272" count="7" type="stmt"/>
        <line num="273" count="7" type="stmt"/>
        <line num="274" count="7" type="stmt"/>
        <line num="276" count="7" type="cond" truecount="4" falsecount="0"/>
        <line num="278" count="4" type="stmt"/>
        <line num="281" count="7" type="stmt"/>
        <line num="283" count="7" type="stmt"/>
        <line num="294" count="3" type="stmt"/>
        <line num="295" count="18" type="cond" truecount="2" falsecount="0"/>
        <line num="296" count="18" type="stmt"/>
        <line num="297" count="18" type="stmt"/>
        <line num="300" count="18" type="stmt"/>
        <line num="301" count="37" type="stmt"/>
        <line num="302" count="37" type="cond" truecount="1" falsecount="1"/>
        <line num="303" count="37" type="stmt"/>
        <line num="307" count="18" type="stmt"/>
        <line num="310" count="3" type="stmt"/>
      </file>
      <file name="Molecule.js" path="/Users/contolinic/Sites/capital-framework/packages/cf-atomic-component/src/components/Molecule.js">
        <metrics statements="4" coveredstatements="0" conditionals="0" coveredconditionals="0" methods="0" coveredmethods="0"/>
        <line num="8" count="0" type="stmt"/>
        <line num="9" count="0" type="stmt"/>
        <line num="11" count="0" type="stmt"/>
        <line num="16" count="0" type="stmt"/>
      </file>
      <file name="Organism.js" path="/Users/contolinic/Sites/capital-framework/packages/cf-atomic-component/src/components/Organism.js">
        <metrics statements="4" coveredstatements="4" conditionals="0" coveredconditionals="0" methods="0" coveredmethods="0"/>
        <line num="8" count="2" type="stmt"/>
        <line num="9" count="2" type="stmt"/>
        <line num="11" count="2" type="stmt"/>
        <line num="16" count="2" type="stmt"/>
      </file>
      <file name="Page.js" path="/Users/contolinic/Sites/capital-framework/packages/cf-atomic-component/src/components/Page.js">
        <metrics statements="4" coveredstatements="0" conditionals="0" coveredconditionals="0" methods="0" coveredmethods="0"/>
        <line num="8" count="0" type="stmt"/>
        <line num="9" count="0" type="stmt"/>
        <line num="11" count="0" type="stmt"/>
        <line num="16" count="0" type="stmt"/>
      </file>
      <file name="_Template.js" path="/Users/contolinic/Sites/capital-framework/packages/cf-atomic-component/src/components/_Template.js">
        <metrics statements="4" coveredstatements="0" conditionals="0" coveredconditionals="0" methods="0" coveredmethods="0"/>
        <line num="8" count="0" type="stmt"/>
        <line num="9" count="0" type="stmt"/>
        <line num="11" count="0" type="stmt"/>
        <line num="16" count="0" type="stmt"/>
      </file>
    </package>
    <package name="cf-atomic-component.src.mixins">
      <metrics statements="14" coveredstatements="14" conditionals="12" coveredconditionals="11" methods="3" coveredmethods="3"/>
      <file name="Events.js" path="/Users/contolinic/Sites/capital-framework/packages/cf-atomic-component/src/mixins/Events.js">
        <metrics statements="14" coveredstatements="14" conditionals="12" coveredconditionals="11" methods="3" coveredmethods="3"/>
        <line num="7" count="8" type="stmt"/>
        <line num="18" count="74" type="cond" truecount="2" falsecount="0"/>
        <line num="19" count="74" type="cond" truecount="2" falsecount="0"/>
        <line num="20" count="74" type="stmt"/>
        <line num="22" count="74" type="stmt"/>
        <line num="33" count="1" type="cond" truecount="3" falsecount="1"/>
        <line num="35" count="1" type="stmt"/>
        <line num="45" count="227" type="cond" truecount="2" falsecount="0"/>
        <line num="46" count="227" type="cond" truecount="2" falsecount="0"/>
        <line num="47" count="215" type="stmt"/>
        <line num="49" count="12" type="stmt"/>
        <line num="50" count="103" type="stmt"/>
        <line num="53" count="12" type="stmt"/>
        <line num="57" count="8" type="stmt"/>
      </file>
    </package>
    <package name="cf-atomic-component.src.utilities.dom-closest">
      <metrics statements="10" coveredstatements="9" conditionals="10" coveredconditionals="8" methods="1" coveredmethods="1"/>
      <file name="index.js" path="/Users/contolinic/Sites/capital-framework/packages/cf-atomic-component/src/utilities/dom-closest/index.js">
        <metrics statements="10" coveredstatements="9" conditionals="10" coveredconditionals="8" methods="1" coveredmethods="1"/>
        <line num="19" count="39" type="cond" truecount="2" falsecount="0"/>
        <line num="20" count="36" type="stmt"/>
        <line num="23" count="3" type="cond" truecount="4" falsecount="0"/>
        <line num="29" count="3" type="stmt"/>
        <line num="30" count="3" type="cond" truecount="1" falsecount="1"/>
        <line num="31" count="0" type="stmt"/>
        <line num="33" count="3" type="stmt"/>
        <line num="36" count="3" type="cond" truecount="1" falsecount="1"/>
        <line num="39" count="3" type="stmt"/>
        <line num="44" count="3" type="stmt"/>
      </file>
    </package>
    <package name="cf-atomic-component.src.utilities.object-assign">
      <metrics statements="12" coveredstatements="12" conditionals="10" coveredconditionals="8" methods="2" coveredmethods="2"/>
      <file name="index.js" path="/Users/contolinic/Sites/capital-framework/packages/cf-atomic-component/src/utilities/object-assign/index.js">
        <metrics statements="12" coveredstatements="12" conditionals="10" coveredconditionals="8" methods="2" coveredmethods="2"/>
        <line num="16" count="316" type="stmt"/>
        <line num="30" count="134" type="cond" truecount="1" falsecount="1"/>
        <line num="31" count="134" type="stmt"/>
        <line num="32" count="139" type="cond" truecount="2" falsecount="0"/>
        <line num="34" count="139" type="stmt"/>
        <line num="35" count="316" type="cond" truecount="1" falsecount="1"/>
        <line num="36" count="316" type="stmt"/>
        <line num="37" count="316" type="cond" truecount="2" falsecount="0"/>
        <line num="38" count="20" type="cond" truecount="2" falsecount="0"/>
        <line num="40" count="296" type="stmt"/>
        <line num="46" count="134" type="stmt"/>
        <line num="51" count="4" type="stmt"/>
      </file>
    </package>
    <package name="cf-atomic-component.src.utilities.transition">
      <metrics statements="155" coveredstatements="136" conditionals="37" coveredconditionals="34" methods="26" coveredmethods="23"/>
      <file name="AlphaTransition.js" path="/Users/contolinic/Sites/capital-framework/packages/cf-atomic-component/src/utilities/transition/AlphaTransition.js">
        <metrics statements="28" coveredstatements="27" conditionals="0" coveredconditionals="0" methods="5" coveredmethods="4"/>
        <line num="2" count="1" type="stmt"/>
        <line num="3" count="1" type="stmt"/>
        <line num="6" count="1" type="stmt"/>
        <line num="24" count="4" type="stmt"/>
        <line num="30" count="4" type="stmt"/>
        <line num="31" count="4" type="stmt"/>
        <line num="32" count="4" type="stmt"/>
        <line num="36" count="4" type="stmt"/>
        <line num="43" count="0" type="stmt"/>
        <line num="51" count="2" type="stmt"/>
        <line num="53" count="2" type="stmt"/>
        <line num="61" count="2" type="stmt"/>
        <line num="63" count="2" type="stmt"/>
        <line num="67" count="4" type="stmt"/>
        <line num="68" count="4" type="stmt"/>
        <line num="69" count="4" type="stmt"/>
        <line num="71" count="4" type="stmt"/>
        <line num="72" count="4" type="stmt"/>
        <line num="73" count="4" type="stmt"/>
        <line num="74" count="4" type="stmt"/>
        <line num="75" count="4" type="stmt"/>
        <line num="76" count="4" type="stmt"/>
        <line num="78" count="4" type="stmt"/>
        <line num="79" count="4" type="stmt"/>
        <line num="80" count="4" type="stmt"/>
        <line num="82" count="4" type="stmt"/>
        <line num="86" count="1" type="stmt"/>
        <line num="88" count="1" type="stmt"/>
      </file>
      <file name="BaseTransition.js" path="/Users/contolinic/Sites/capital-framework/packages/cf-atomic-component/src/utilities/transition/BaseTransition.js">
        <metrics statements="89" coveredstatements="72" conditionals="31" coveredconditionals="28" methods="14" coveredmethods="13"/>
        <line num="2" count="5" type="stmt"/>
        <line num="20" count="66" type="stmt"/>
        <line num="27" count="66" type="stmt"/>
        <line num="28" count="66" type="stmt"/>
        <line num="34" count="64" type="stmt"/>
        <line num="35" count="64" type="stmt"/>
        <line num="36" count="64" type="stmt"/>
        <line num="38" count="64" type="stmt"/>
        <line num="50" count="65" type="cond" truecount="2" falsecount="0"/>
        <line num="51" count="1" type="stmt"/>
        <line num="52" count="1" type="stmt"/>
        <line num="54" count="65" type="stmt"/>
        <line num="55" count="65" type="stmt"/>
        <line num="56" count="65" type="stmt"/>
        <line num="64" count="5" type="cond" truecount="2" falsecount="0"/>
        <line num="65" count="4" type="stmt"/>
        <line num="67" count="4" type="stmt"/>
        <line num="75" count="5" type="cond" truecount="2" falsecount="0"/>
        <line num="76" count="4" type="stmt"/>
        <line num="78" count="4" type="stmt"/>
        <line num="86" count="4" type="cond" truecount="2" falsecount="0"/>
        <line num="87" count="3" type="stmt"/>
        <line num="94" count="2" type="cond" truecount="1" falsecount="1"/>
        <line num="95" count="0" type="stmt"/>
        <line num="96" count="0" type="stmt"/>
        <line num="97" count="0" type="stmt"/>
        <line num="98" count="0" type="stmt"/>
        <line num="99" count="0" type="stmt"/>
        <line num="103" count="0" type="stmt"/>
        <line num="104" count="0" type="stmt"/>
        <line num="105" count="0" type="stmt"/>
        <line num="106" count="0" type="stmt"/>
        <line num="107" count="0" type="stmt"/>
        <line num="115" count="77" type="stmt"/>
        <line num="117" count="77" type="cond" truecount="1" falsecount="1"/>
        <line num="118" count="77" type="stmt"/>
        <line num="122" count="77" type="stmt"/>
        <line num="124" count="0" type="stmt"/>
        <line num="125" count="0" type="stmt"/>
        <line num="133" count="77" type="stmt"/>
        <line num="140" count="0" type="stmt"/>
        <line num="141" count="0" type="stmt"/>
        <line num="142" count="0" type="stmt"/>
        <line num="153" count="55" type="stmt"/>
        <line num="154" count="237" type="cond" truecount="5" falsecount="0"/>
        <line num="157" count="24" type="stmt"/>
        <line num="169" count="3" type="cond" truecount="2" falsecount="0"/>
        <line num="170" count="2" type="stmt"/>
        <line num="171" count="2" type="stmt"/>
        <line num="172" count="2" type="stmt"/>
        <line num="173" count="2" type="stmt"/>
        <line num="176" count="1" type="stmt"/>
        <line num="186" count="79" type="cond" truecount="2" falsecount="0"/>
        <line num="187" count="78" type="cond" truecount="2" falsecount="0"/>
        <line num="188" count="53" type="stmt"/>
        <line num="189" count="53" type="stmt"/>
        <line num="192" count="78" type="cond" truecount="2" falsecount="0"/>
        <line num="193" count="1" type="stmt"/>
        <line num="196" count="77" type="stmt"/>
        <line num="197" count="77" type="stmt"/>
        <line num="198" count="77" type="stmt"/>
        <line num="199" count="77" type="stmt"/>
        <line num="200" count="77" type="stmt"/>
        <line num="202" count="77" type="stmt"/>
        <line num="213" count="65" type="cond" truecount="1" falsecount="1"/>
        <line num="214" count="0" type="stmt"/>
        <line num="215" count="0" type="stmt"/>
        <line num="219" count="65" type="stmt"/>
        <line num="227" count="65" type="stmt"/>
        <line num="228" count="260" type="cond" truecount="4" falsecount="0"/>
        <line num="230" count="65" type="stmt"/>
        <line num="231" count="65" type="stmt"/>
        <line num="234" count="65" type="stmt"/>
        <line num="239" count="66" type="stmt"/>
        <line num="240" count="66" type="stmt"/>
        <line num="241" count="66" type="stmt"/>
        <line num="243" count="66" type="stmt"/>
        <line num="244" count="66" type="stmt"/>
        <line num="245" count="66" type="stmt"/>
        <line num="246" count="66" type="stmt"/>
        <line num="247" count="66" type="stmt"/>
        <line num="248" count="66" type="stmt"/>
        <line num="249" count="66" type="stmt"/>
        <line num="250" count="66" type="stmt"/>
        <line num="252" count="66" type="stmt"/>
        <line num="257" count="5" type="stmt"/>
        <line num="258" count="5" type="stmt"/>
        <line num="259" count="5" type="stmt"/>
        <line num="261" count="5" type="stmt"/>
      </file>
      <file name="MoveTransition.js" path="/Users/contolinic/Sites/capital-framework/packages/cf-atomic-component/src/utilities/transition/MoveTransition.js">
        <metrics statements="38" coveredstatements="37" conditionals="6" coveredconditionals="6" methods="7" coveredmethods="6"/>
        <line num="2" count="1" type="stmt"/>
        <line num="3" count="1" type="stmt"/>
        <line num="6" count="1" type="stmt"/>
        <line num="29" count="11" type="stmt"/>
        <line num="35" count="11" type="stmt"/>
        <line num="36" count="11" type="stmt"/>
        <line num="37" count="11" type="stmt"/>
        <line num="41" count="11" type="stmt"/>
        <line num="48" count="0" type="stmt"/>
        <line num="56" count="2" type="stmt"/>
        <line num="58" count="2" type="stmt"/>
        <line num="68" count="4" type="cond" truecount="2" falsecount="0"/>
        <line num="69" count="4" type="stmt"/>
        <line num="75" count="4" type="cond" truecount="4" falsecount="0"/>
        <line num="76" count="1" type="stmt"/>
        <line num="79" count="3" type="stmt"/>
        <line num="81" count="3" type="stmt"/>
        <line num="89" count="2" type="stmt"/>
        <line num="91" count="2" type="stmt"/>
        <line num="99" count="3" type="stmt"/>
        <line num="101" count="3" type="stmt"/>
        <line num="105" count="11" type="stmt"/>
        <line num="106" count="11" type="stmt"/>
        <line num="107" count="11" type="stmt"/>
        <line num="109" count="11" type="stmt"/>
        <line num="110" count="11" type="stmt"/>
        <line num="111" count="11" type="stmt"/>
        <line num="112" count="11" type="stmt"/>
        <line num="113" count="11" type="stmt"/>
        <line num="114" count="11" type="stmt"/>
        <line num="116" count="11" type="stmt"/>
        <line num="117" count="11" type="stmt"/>
        <line num="118" count="11" type="stmt"/>
        <line num="119" count="11" type="stmt"/>
        <line num="120" count="11" type="stmt"/>
        <line num="122" count="11" type="stmt"/>
        <line num="127" count="1" type="stmt"/>
        <line num="129" count="1" type="stmt"/>
      </file>
    </package>
    <package name="cf-atomic-component.src.utilities.type-checkers">
      <metrics statements="12" coveredstatements="11" conditionals="9" coveredconditionals="8" methods="9" coveredmethods="8"/>
      <file name="index.js" path="/Users/contolinic/Sites/capital-framework/packages/cf-atomic-component/src/utilities/type-checkers/index.js">
        <metrics statements="12" coveredstatements="11" conditionals="9" coveredconditionals="8" methods="9" coveredmethods="8"/>
        <line num="13" count="4" type="stmt"/>
        <line num="26" count="5" type="stmt"/>
        <line num="41" count="3" type="stmt"/>
        <line num="59" count="2" type="cond" truecount="2" falsecount="0"/>
        <line num="74" count="4" type="stmt"/>
        <line num="96" count="3" type="stmt"/>
        <line num="111" count="2" type="stmt"/>
        <line num="125" count="4" type="cond" truecount="1" falsecount="1"/>
        <line num="126" count="0" type="stmt"/>
        <line num="141" count="76" type="stmt"/>
        <line num="157" count="2" type="cond" truecount="5" falsecount="0"/>
        <line num="166" count="4" type="stmt"/>
      </file>
    </package>
    <package name="cf-core.src">
      <metrics statements="1" coveredstatements="0" conditionals="0" coveredconditionals="0" methods="0" coveredmethods="0"/>
      <file name="cf-vars-breakpoints.js" path="/Users/contolinic/Sites/capital-framework/packages/cf-core/src/cf-vars-breakpoints.js">
        <metrics statements="1" coveredstatements="0" conditionals="0" coveredconditionals="0" methods="0" coveredmethods="0"/>
        <line num="10" count="0" type="stmt"/>
      </file>
    </package>
    <package name="cf-expandables.src">
      <metrics statements="79" coveredstatements="73" conditionals="28" coveredconditionals="20" methods="11" coveredmethods="10"/>
      <file name="Expandable.js" path="/Users/contolinic/Sites/capital-framework/packages/cf-expandables/src/Expandable.js">
        <metrics statements="32" coveredstatements="32" conditionals="14" coveredconditionals="14" methods="5" coveredmethods="5"/>
        <line num="5" count="1" type="stmt"/>
        <line num="8" count="1" type="stmt"/>
        <line num="9" count="1" type="stmt"/>
        <line num="10" count="1" type="stmt"/>
        <line num="12" count="1" type="stmt"/>
        <line num="46" count="26" type="stmt"/>
        <line num="49" count="26" type="stmt"/>
        <line num="51" count="26" type="cond" truecount="2" falsecount="0"/>
        <line num="52" count="6" type="stmt"/>
        <line num="54" count="20" type="stmt"/>
        <line num="57" count="26" type="stmt"/>
        <line num="59" count="26" type="cond" truecount="2" falsecount="0"/>
        <line num="62" count="26" type="cond" truecount="2" falsecount="0"/>
        <line num="63" count="14" type="stmt"/>
        <line num="74" count="100" type="cond" truecount="2" falsecount="0"/>
        <line num="75" count="6" type="stmt"/>
        <line num="76" count="6" type="stmt"/>
        <line num="77" count="6" type="stmt"/>
        <line num="85" count="14" type="stmt"/>
        <line num="86" count="14" type="stmt"/>
        <line num="88" count="14" type="cond" truecount="2" falsecount="0"/>
        <line num="89" count="11" type="cond" truecount="2" falsecount="0"/>
        <line num="90" count="2" type="stmt"/>
        <line num="92" count="9" type="stmt"/>
        <line num="93" count="9" type="stmt"/>
        <line num="103" count="20" type="cond" truecount="2" falsecount="0"/>
        <line num="104" count="9" type="stmt"/>
        <line num="105" count="9" type="stmt"/>
        <line num="107" count="11" type="stmt"/>
        <line num="108" count="11" type="stmt"/>
        <line num="117" count="1" type="stmt"/>
        <line num="120" count="1" type="stmt"/>
      </file>
      <file name="ExpandableTransition.js" path="/Users/contolinic/Sites/capital-framework/packages/cf-expandables/src/ExpandableTransition.js">
        <metrics statements="47" coveredstatements="41" conditionals="14" coveredconditionals="6" methods="6" coveredmethods="5"/>
        <line num="2" count="2" type="stmt"/>
        <line num="3" count="2" type="stmt"/>
        <line num="6" count="2" type="stmt"/>
        <line num="24" count="38" type="stmt"/>
        <line num="31" count="38" type="stmt"/>
        <line num="32" count="38" type="stmt"/>
        <line num="37" count="38" type="cond" truecount="2" falsecount="0"/>
        <line num="38" count="12" type="stmt"/>
        <line num="40" count="26" type="stmt"/>
        <line num="43" count="38" type="stmt"/>
        <line num="50" count="0" type="cond" truecount="0" falsecount="2"/>
        <line num="51" count="0" type="stmt"/>
        <line num="53" count="0" type="cond" truecount="0" falsecount="2"/>
        <line num="54" count="0" type="stmt"/>
        <line num="56" count="0" type="cond" truecount="0" falsecount="2"/>
        <line num="57" count="0" type="stmt"/>
        <line num="66" count="22" type="cond" truecount="2" falsecount="0"/>
        <line num="67" count="12" type="stmt"/>
        <line num="69" count="10" type="stmt"/>
        <line num="72" count="22" type="stmt"/>
        <line num="80" count="37" type="stmt"/>
        <line num="82" count="37" type="stmt"/>
        <line num="83" count="37" type="stmt"/>
        <line num="84" count="37" type="stmt"/>
        <line num="86" count="37" type="stmt"/>
        <line num="94" count="25" type="stmt"/>
        <line num="96" count="25" type="cond" truecount="2" falsecount="2"/>
        <line num="97" count="25" type="stmt"/>
        <line num="100" count="25" type="stmt"/>
        <line num="101" count="25" type="stmt"/>
        <line num="103" count="25" type="stmt"/>
        <line num="107" count="38" type="stmt"/>
        <line num="108" count="38" type="stmt"/>
        <line num="109" count="38" type="stmt"/>
        <line num="111" count="38" type="stmt"/>
        <line num="112" count="38" type="stmt"/>
        <line num="113" count="38" type="stmt"/>
        <line num="114" count="38" type="stmt"/>
        <line num="115" count="38" type="stmt"/>
        <line num="116" count="38" type="stmt"/>
        <line num="118" count="38" type="stmt"/>
        <line num="119" count="38" type="stmt"/>
        <line num="120" count="38" type="stmt"/>
        <line num="121" count="38" type="stmt"/>
        <line num="123" count="38" type="stmt"/>
        <line num="128" count="2" type="stmt"/>
        <line num="130" count="2" type="stmt"/>
      </file>
    </package>
    <package name="cf-tables.src">
      <metrics statements="87" coveredstatements="77" conditionals="34" coveredconditionals="21" methods="12" coveredmethods="11"/>
      <file name="Table.js" path="/Users/contolinic/Sites/capital-framework/packages/cf-tables/src/Table.js">
        <metrics statements="7" coveredstatements="7" conditionals="0" coveredconditionals="0" methods="0" coveredmethods="0"/>
        <line num="6" count="1" type="stmt"/>
        <line num="7" count="1" type="stmt"/>
        <line num="8" count="1" type="stmt"/>
        <line num="9" count="1" type="stmt"/>
        <line num="11" count="1" type="stmt"/>
        <line num="19" count="1" type="stmt"/>
        <line num="21" count="1" type="stmt"/>
      </file>
      <file name="TableRowLinks.js" path="/Users/contolinic/Sites/capital-framework/packages/cf-tables/src/TableRowLinks.js">
        <metrics statements="10" coveredstatements="3" conditionals="6" coveredconditionals="0" methods="1" coveredmethods="0"/>
        <line num="8" count="1" type="stmt"/>
        <line num="12" count="1" type="stmt"/>
        <line num="30" count="0" type="stmt"/>
        <line num="31" count="0" type="cond" truecount="0" falsecount="4"/>
        <line num="32" count="0" type="stmt"/>
        <line num="34" count="0" type="stmt"/>
        <line num="35" count="0" type="stmt"/>
        <line num="36" count="0" type="cond" truecount="0" falsecount="2"/>
        <line num="37" count="0" type="stmt"/>
        <line num="41" count="1" type="stmt"/>
      </file>
      <file name="TableSortable.js" path="/Users/contolinic/Sites/capital-framework/packages/cf-tables/src/TableSortable.js">
        <metrics statements="70" coveredstatements="67" conditionals="28" coveredconditionals="21" methods="11" coveredmethods="11"/>
        <line num="8" count="1" type="stmt"/>
        <line num="9" count="1" type="stmt"/>
        <line num="12" count="1" type="stmt"/>
        <line num="13" count="1" type="stmt"/>
        <line num="15" count="1" type="stmt"/>
        <line num="45" count="1" type="stmt"/>
        <line num="46" count="1" type="stmt"/>
        <line num="47" count="1" type="stmt"/>
        <line num="48" count="1" type="stmt"/>
        <line num="49" count="1" type="stmt"/>
        <line num="50" count="1" type="cond" truecount="1" falsecount="1"/>
        <line num="51" count="1" type="stmt"/>
        <line num="53" count="1" type="stmt"/>
        <line num="54" count="1" type="cond" truecount="1" falsecount="1"/>
        <line num="55" count="0" type="stmt"/>
        <line num="58" count="1" type="stmt"/>
        <line num="68" count="1" type="stmt"/>
        <line num="71" count="1" type="stmt"/>
        <line num="74" count="1" type="cond" truecount="1" falsecount="1"/>
        <line num="75" count="1" type="stmt"/>
        <line num="76" count="0" type="cond" truecount="0" falsecount="2"/>
        <line num="77" count="0" type="stmt"/>
        <line num="79" count="1" type="stmt"/>
        <line num="91" count="3" type="cond" truecount="2" falsecount="0"/>
        <line num="99" count="4" type="cond" truecount="2" falsecount="0"/>
        <line num="111" count="4" type="stmt"/>
        <line num="112" count="4" type="stmt"/>
        <line num="113" count="4" type="cond" truecount="2" falsecount="0"/>
        <line num="115" count="4" type="stmt"/>
        <line num="116" count="28" type="stmt"/>
        <line num="117" count="28" type="cond" truecount="1" falsecount="1"/>
        <line num="118" count="28" type="stmt"/>
        <line num="120" count="28" type="stmt"/>
        <line num="123" count="4" type="stmt"/>
        <line num="124" count="4" type="stmt"/>
        <line num="126" count="4" type="stmt"/>
        <line num="134" count="4" type="stmt"/>
        <line num="139" count="4" type="stmt"/>
        <line num="140" count="52" type="stmt"/>
        <line num="143" count="4" type="stmt"/>
        <line num="144" count="4" type="stmt"/>
        <line num="145" count="28" type="stmt"/>
        <line num="148" count="4" type="stmt"/>
        <line num="149" count="4" type="stmt"/>
        <line num="151" count="4" type="stmt"/>
        <line num="169" count="4" type="stmt"/>
        <line num="170" count="60" type="cond" truecount="2" falsecount="0"/>
        <line num="171" count="60" type="stmt"/>
        <line num="172" count="60" type="stmt"/>
        <line num="175" count="60" type="stmt"/>
        <line num="176" count="60" type="stmt"/>
        <line num="179" count="60" type="cond" truecount="2" falsecount="0"/>
        <line num="180" count="13" type="stmt"/>
        <line num="181" count="13" type="stmt"/>
        <line num="185" count="60" type="cond" truecount="2" falsecount="0"/>
        <line num="186" count="22" type="stmt"/>
        <line num="187" count="38" type="cond" truecount="2" falsecount="0"/>
        <line num="188" count="25" type="stmt"/>
        <line num="191" count="60" type="stmt"/>
        <line num="203" count="3" type="cond" truecount="1" falsecount="1"/>
        <line num="204" count="3" type="stmt"/>
        <line num="206" count="3" type="cond" truecount="2" falsecount="0"/>
        <line num="207" count="1" type="stmt"/>
        <line num="209" count="2" type="stmt"/>
        <line num="210" count="2" type="stmt"/>
        <line num="211" count="2" type="stmt"/>
        <line num="214" count="3" type="stmt"/>
        <line num="215" count="3" type="stmt"/>
        <line num="217" count="3" type="stmt"/>
        <line num="220" count="1" type="stmt"/>
      </file>
    </package>
  </project>
</coverage>
