{"/Users/contolinic/Sites/capital-framework/packages/capital-framework/src/capital-framework.js": {"path":"/Users/contolinic/Sites/capital-framework/packages/capital-framework/src/capital-framework.js","statementMap":{"0":{"start":{"line":2,"column":19},"end":{"line":2,"column":61}},"1":{"start":{"line":3,"column":14},"end":{"line":3,"column":46}},"2":{"start":{"line":5,"column":0},"end":{"line":5,"column":18}},"3":{"start":{"line":6,"column":0},"end":{"line":6,"column":13}}},"fnMap":{},"branchMap":{},"s":{"0":0,"1":0,"2":0,"3":0},"f":{},"b":{},"hash":"8c20b1e318c046a9be92d94f0c5adc5a67b105d0"}
,"/Users/contolinic/Sites/capital-framework/packages/cf-atomic-component/src/components/Atom.js": {"path":"/Users/contolinic/Sites/capital-framework/packages/cf-atomic-component/src/components/Atom.js","statementMap":{"0":{"start":{"line":8,"column":24},"end":{"line":8,"column":54}},"1":{"start":{"line":9,"column":14},"end":{"line":9,"column":52}},"2":{"start":{"line":11,"column":13},"end":{"line":14,"column":3}},"3":{"start":{"line":16,"column":0},"end":{"line":16,"column":22}}},"fnMap":{},"branchMap":{},"s":{"0":0,"1":0,"2":0,"3":0},"f":{},"b":{},"hash":"282ad3ddebe7c2e673d518241c7829f9b1d365f7"}
,"/Users/contolinic/Sites/capital-framework/packages/cf-atomic-component/src/components/AtomicComponent.js": {"path":"/Users/contolinic/Sites/capital-framework/packages/cf-atomic-component/src/components/AtomicComponent.js","statementMap":{"0":{"start":{"line":13,"column":15},"end":{"line":13,"column":61}},"1":{"start":{"line":14,"column":17},"end":{"line":14,"column":52}},"2":{"start":{"line":15,"column":15},"end":{"line":15,"column":44}},"3":{"start":{"line":16,"column":19},"end":{"line":16,"column":69}},"4":{"start":{"line":28,"column":2},"end":{"line":28,"column":25}},"5":{"start":{"line":29,"column":2},"end":{"line":29,"column":25}},"6":{"start":{"line":30,"column":2},"end":{"line":30,"column":35}},"7":{"start":{"line":31,"column":2},"end":{"line":31,"column":29}},"8":{"start":{"line":32,"column":2},"end":{"line":32,"column":26}},"9":{"start":{"line":33,"column":2},"end":{"line":33,"column":23}},"10":{"start":{"line":34,"column":2},"end":{"line":34,"column":27}},"11":{"start":{"line":35,"column":2},"end":{"line":35,"column":44}},"12":{"start":{"line":36,"column":2},"end":{"line":38,"column":12}},"13":{"start":{"line":37,"column":4},"end":{"line":37,"column":60}},"14":{"start":{"line":37,"column":30},"end":{"line":37,"column":60}},"15":{"start":{"line":39,"column":2},"end":{"line":39,"column":42}},"16":{"start":{"line":43,"column":0},"end":{"line":248,"column":4}},"17":{"start":{"line":55,"column":4},"end":{"line":57,"column":5}},"18":{"start":{"line":56,"column":6},"end":{"line":56,"column":13}},"19":{"start":{"line":59,"column":4},"end":{"line":68,"column":14}},"20":{"start":{"line":60,"column":28},"end":{"line":60,"column":59}},"21":{"start":{"line":61,"column":6},"end":{"line":67,"column":7}},"22":{"start":{"line":62,"column":8},"end":{"line":65,"column":9}},"23":{"start":{"line":63,"column":10},"end":{"line":63,"column":56}},"24":{"start":{"line":64,"column":10},"end":{"line":64,"column":37}},"25":{"start":{"line":66,"column":8},"end":{"line":66,"column":33}},"26":{"start":{"line":77,"column":4},"end":{"line":77,"column":16}},"27":{"start":{"line":84,"column":4},"end":{"line":92,"column":5}},"28":{"start":{"line":85,"column":20},"end":{"line":85,"column":49}},"29":{"start":{"line":86,"column":6},"end":{"line":86,"column":38}},"30":{"start":{"line":87,"column":6},"end":{"line":87,"column":57}},"31":{"start":{"line":87,"column":28},"end":{"line":87,"column":57}},"32":{"start":{"line":88,"column":6},"end":{"line":88,"column":64}},"33":{"start":{"line":89,"column":6},"end":{"line":89,"column":41}},"34":{"start":{"line":91,"column":6},"end":{"line":91,"column":38}},"35":{"start":{"line":93,"column":4},"end":{"line":93,"column":52}},"36":{"start":{"line":103,"column":4},"end":{"line":105,"column":5}},"37":{"start":{"line":104,"column":6},"end":{"line":104,"column":30}},"38":{"start":{"line":106,"column":4},"end":{"line":106,"column":27}},"39":{"start":{"line":107,"column":4},"end":{"line":107,"column":26}},"40":{"start":{"line":109,"column":4},"end":{"line":109,"column":16}},"41":{"start":{"line":120,"column":15},"end":{"line":120,"column":36}},"42":{"start":{"line":124,"column":4},"end":{"line":135,"column":5}},"43":{"start":{"line":125,"column":6},"end":{"line":134,"column":7}},"44":{"start":{"line":126,"column":8},"end":{"line":126,"column":59}},"45":{"start":{"line":127,"column":8},"end":{"line":133,"column":9}},"46":{"start":{"line":128,"column":10},"end":{"line":128,"column":31}},"47":{"start":{"line":129,"column":15},"end":{"line":133,"column":9}},"48":{"start":{"line":130,"column":10},"end":{"line":130,"column":28}},"49":{"start":{"line":132,"column":10},"end":{"line":132,"column":25}},"50":{"start":{"line":136,"column":4},"end":{"line":136,"column":17}},"51":{"start":{"line":138,"column":4},"end":{"line":138,"column":14}},"52":{"start":{"line":149,"column":4},"end":{"line":153,"column":5}},"53":{"start":{"line":150,"column":6},"end":{"line":150,"column":58}},"54":{"start":{"line":151,"column":6},"end":{"line":151,"column":56}},"55":{"start":{"line":151,"column":31},"end":{"line":151,"column":56}},"56":{"start":{"line":152,"column":6},"end":{"line":152,"column":26}},"57":{"start":{"line":154,"column":4},"end":{"line":154,"column":28}},"58":{"start":{"line":155,"column":4},"end":{"line":155,"column":42}},"59":{"start":{"line":157,"column":4},"end":{"line":157,"column":16}},"60":{"start":{"line":168,"column":4},"end":{"line":172,"column":5}},"61":{"start":{"line":169,"column":6},"end":{"line":171,"column":7}},"62":{"start":{"line":170,"column":8},"end":{"line":170,"column":68}},"63":{"start":{"line":185,"column":34},"end":{"line":185,"column":50}},"64":{"start":{"line":190,"column":4},"end":{"line":190,"column":48}},"65":{"start":{"line":191,"column":4},"end":{"line":191,"column":31}},"66":{"start":{"line":191,"column":19},"end":{"line":191,"column":31}},"67":{"start":{"line":192,"column":4},"end":{"line":192,"column":28}},"68":{"start":{"line":193,"column":4},"end":{"line":193,"column":50}},"69":{"start":{"line":194,"column":4},"end":{"line":203,"column":5}},"70":{"start":{"line":195,"column":6},"end":{"line":202,"column":7}},"71":{"start":{"line":196,"column":8},"end":{"line":196,"column":29}},"72":{"start":{"line":197,"column":8},"end":{"line":197,"column":64}},"73":{"start":{"line":197,"column":42},"end":{"line":197,"column":64}},"74":{"start":{"line":198,"column":8},"end":{"line":201,"column":9}},"75":{"start":{"line":199,"column":10},"end":{"line":199,"column":53}},"76":{"start":{"line":200,"column":10},"end":{"line":200,"column":67}},"77":{"start":{"line":204,"column":4},"end":{"line":204,"column":38}},"78":{"start":{"line":206,"column":4},"end":{"line":206,"column":16}},"79":{"start":{"line":219,"column":4},"end":{"line":219,"column":55}},"80":{"start":{"line":221,"column":4},"end":{"line":221,"column":16}},"81":{"start":{"line":230,"column":4},"end":{"line":232,"column":5}},"82":{"start":{"line":231,"column":6},"end":{"line":231,"column":31}},"83":{"start":{"line":233,"column":4},"end":{"line":233,"column":49}},"84":{"start":{"line":235,"column":4},"end":{"line":235,"column":16}},"85":{"start":{"line":245,"column":4},"end":{"line":245,"column":70}},"86":{"start":{"line":260,"column":0},"end":{"line":284,"column":2}},"87":{"start":{"line":268,"column":4},"end":{"line":268,"column":44}},"88":{"start":{"line":269,"column":4},"end":{"line":269,"column":52}},"89":{"start":{"line":272,"column":2},"end":{"line":272,"column":63}},"90":{"start":{"line":273,"column":2},"end":{"line":273,"column":40}},"91":{"start":{"line":274,"column":2},"end":{"line":274,"column":35}},"92":{"start":{"line":276,"column":2},"end":{"line":279,"column":3}},"93":{"start":{"line":278,"column":4},"end":{"line":278,"column":40}},"94":{"start":{"line":281,"column":2},"end":{"line":281,"column":23}},"95":{"start":{"line":283,"column":2},"end":{"line":283,"column":15}},"96":{"start":{"line":294,"column":0},"end":{"line":308,"column":2}},"97":{"start":{"line":295,"column":15},"end":{"line":295,"column":32}},"98":{"start":{"line":296,"column":19},"end":{"line":296,"column":57}},"99":{"start":{"line":297,"column":21},"end":{"line":297,"column":23}},"100":{"start":{"line":300,"column":2},"end":{"line":305,"column":3}},"101":{"start":{"line":300,"column":16},"end":{"line":300,"column":17}},"102":{"start":{"line":300,"column":25},"end":{"line":300,"column":40}},"103":{"start":{"line":301,"column":4},"end":{"line":301,"column":26}},"104":{"start":{"line":302,"column":4},"end":{"line":304,"column":5}},"105":{"start":{"line":303,"column":6},"end":{"line":303,"column":45}},"106":{"start":{"line":307,"column":2},"end":{"line":307,"column":20}},"107":{"start":{"line":310,"column":0},"end":{"line":310,"column":33}}},"fnMap":{"0":{"name":"AtomicComponent","decl":{"start":{"line":27,"column":9},"end":{"line":27,"column":24}},"loc":{"start":{"line":27,"column":48},"end":{"line":40,"column":1}},"line":27},"1":{"name":"(anonymous_1)","decl":{"start":{"line":36,"column":29},"end":{"line":36,"column":30}},"loc":{"start":{"line":36,"column":46},"end":{"line":38,"column":3}},"line":36},"2":{"name":"(anonymous_2)","decl":{"start":{"line":54,"column":20},"end":{"line":54,"column":21}},"loc":{"start":{"line":54,"column":31},"end":{"line":69,"column":3}},"line":54},"3":{"name":"(anonymous_3)","decl":{"start":{"line":59,"column":28},"end":{"line":59,"column":29}},"loc":{"start":{"line":59,"column":49},"end":{"line":68,"column":5}},"line":59},"4":{"name":"(anonymous_4)","decl":{"start":{"line":76,"column":10},"end":{"line":76,"column":11}},"loc":{"start":{"line":76,"column":21},"end":{"line":78,"column":3}},"line":76},"5":{"name":"(anonymous_5)","decl":{"start":{"line":83,"column":17},"end":{"line":83,"column":18}},"loc":{"start":{"line":83,"column":28},"end":{"line":94,"column":3}},"line":83},"6":{"name":"(anonymous_6)","decl":{"start":{"line":102,"column":14},"end":{"line":102,"column":15}},"loc":{"start":{"line":102,"column":34},"end":{"line":110,"column":3}},"line":102},"7":{"name":"(anonymous_7)","decl":{"start":{"line":119,"column":21},"end":{"line":119,"column":22}},"loc":{"start":{"line":119,"column":32},"end":{"line":139,"column":3}},"line":119},"8":{"name":"(anonymous_8)","decl":{"start":{"line":148,"column":11},"end":{"line":148,"column":12}},"loc":{"start":{"line":148,"column":22},"end":{"line":158,"column":3}},"line":148},"9":{"name":"(anonymous_9)","decl":{"start":{"line":165,"column":24},"end":{"line":165,"column":25}},"loc":{"start":{"line":165,"column":47},"end":{"line":173,"column":3}},"line":165},"10":{"name":"(anonymous_10)","decl":{"start":{"line":184,"column":18},"end":{"line":184,"column":19}},"loc":{"start":{"line":184,"column":37},"end":{"line":207,"column":3}},"line":184},"11":{"name":"(anonymous_11)","decl":{"start":{"line":218,"column":12},"end":{"line":218,"column":13}},"loc":{"start":{"line":218,"column":54},"end":{"line":222,"column":3}},"line":218},"12":{"name":"(anonymous_12)","decl":{"start":{"line":229,"column":20},"end":{"line":229,"column":21}},"loc":{"start":{"line":229,"column":31},"end":{"line":236,"column":3}},"line":229},"13":{"name":"(anonymous_13)","decl":{"start":{"line":244,"column":12},"end":{"line":244,"column":13}},"loc":{"start":{"line":244,"column":31},"end":{"line":246,"column":3}},"line":244},"14":{"name":"(anonymous_14)","decl":{"start":{"line":260,"column":25},"end":{"line":260,"column":26}},"loc":{"start":{"line":260,"column":48},"end":{"line":284,"column":1}},"line":260},"15":{"name":"child","decl":{"start":{"line":267,"column":11},"end":{"line":267,"column":16}},"loc":{"start":{"line":267,"column":19},"end":{"line":270,"column":3}},"line":267},"16":{"name":"(anonymous_16)","decl":{"start":{"line":294,"column":23},"end":{"line":294,"column":24}},"loc":{"start":{"line":294,"column":41},"end":{"line":308,"column":1}},"line":294}},"branchMap":{"0":{"loc":{"start":{"line":37,"column":4},"end":{"line":37,"column":60}},"type":"if","locations":[{"start":{"line":37,"column":4},"end":{"line":37,"column":60}},{"start":{"line":37,"column":4},"end":{"line":37,"column":60}}],"line":37},"1":{"loc":{"start":{"line":55,"column":4},"end":{"line":57,"column":5}},"type":"if","locations":[{"start":{"line":55,"column":4},"end":{"line":57,"column":5}},{"start":{"line":55,"column":4},"end":{"line":57,"column":5}}],"line":55},"2":{"loc":{"start":{"line":61,"column":6},"end":{"line":67,"column":7}},"type":"if","locations":[{"start":{"line":61,"column":6},"end":{"line":67,"column":7}},{"start":{"line":61,"column":6},"end":{"line":67,"column":7}}],"line":61},"3":{"loc":{"start":{"line":62,"column":8},"end":{"line":65,"column":9}},"type":"if","locations":[{"start":{"line":62,"column":8},"end":{"line":65,"column":9}},{"start":{"line":62,"column":8},"end":{"line":65,"column":9}}],"line":62},"4":{"loc":{"start":{"line":84,"column":4},"end":{"line":92,"column":5}},"type":"if","locations":[{"start":{"line":84,"column":4},"end":{"line":92,"column":5}},{"start":{"line":84,"column":4},"end":{"line":92,"column":5}}],"line":84},"5":{"loc":{"start":{"line":86,"column":17},"end":{"line":86,"column":37}},"type":"binary-expr","locations":[{"start":{"line":86,"column":17},"end":{"line":86,"column":24}},{"start":{"line":86,"column":28},"end":{"line":86,"column":37}}],"line":86},"6":{"loc":{"start":{"line":87,"column":6},"end":{"line":87,"column":57}},"type":"if","locations":[{"start":{"line":87,"column":6},"end":{"line":87,"column":57}},{"start":{"line":87,"column":6},"end":{"line":87,"column":57}}],"line":87},"7":{"loc":{"start":{"line":103,"column":4},"end":{"line":105,"column":5}},"type":"if","locations":[{"start":{"line":103,"column":4},"end":{"line":105,"column":5}},{"start":{"line":103,"column":4},"end":{"line":105,"column":5}}],"line":103},"8":{"loc":{"start":{"line":125,"column":6},"end":{"line":134,"column":7}},"type":"if","locations":[{"start":{"line":125,"column":6},"end":{"line":134,"column":7}},{"start":{"line":125,"column":6},"end":{"line":134,"column":7}}],"line":125},"9":{"loc":{"start":{"line":127,"column":8},"end":{"line":133,"column":9}},"type":"if","locations":[{"start":{"line":127,"column":8},"end":{"line":133,"column":9}},{"start":{"line":127,"column":8},"end":{"line":133,"column":9}}],"line":127},"10":{"loc":{"start":{"line":129,"column":15},"end":{"line":133,"column":9}},"type":"if","locations":[{"start":{"line":129,"column":15},"end":{"line":133,"column":9}},{"start":{"line":129,"column":15},"end":{"line":133,"column":9}}],"line":129},"11":{"loc":{"start":{"line":149,"column":4},"end":{"line":153,"column":5}},"type":"if","locations":[{"start":{"line":149,"column":4},"end":{"line":153,"column":5}},{"start":{"line":149,"column":4},"end":{"line":153,"column":5}}],"line":149},"12":{"loc":{"start":{"line":151,"column":6},"end":{"line":151,"column":56}},"type":"if","locations":[{"start":{"line":151,"column":6},"end":{"line":151,"column":56}},{"start":{"line":151,"column":6},"end":{"line":151,"column":56}}],"line":151},"13":{"loc":{"start":{"line":169,"column":6},"end":{"line":171,"column":7}},"type":"if","locations":[{"start":{"line":169,"column":6},"end":{"line":171,"column":7}},{"start":{"line":169,"column":6},"end":{"line":171,"column":7}}],"line":169},"14":{"loc":{"start":{"line":190,"column":13},"end":{"line":190,"column":47}},"type":"binary-expr","locations":[{"start":{"line":190,"column":13},"end":{"line":190,"column":19}},{"start":{"line":190,"column":25},"end":{"line":190,"column":45}}],"line":190},"15":{"loc":{"start":{"line":191,"column":4},"end":{"line":191,"column":31}},"type":"if","locations":[{"start":{"line":191,"column":4},"end":{"line":191,"column":31}},{"start":{"line":191,"column":4},"end":{"line":191,"column":31}}],"line":191},"16":{"loc":{"start":{"line":195,"column":6},"end":{"line":202,"column":7}},"type":"if","locations":[{"start":{"line":195,"column":6},"end":{"line":202,"column":7}},{"start":{"line":195,"column":6},"end":{"line":202,"column":7}}],"line":195},"17":{"loc":{"start":{"line":197,"column":8},"end":{"line":197,"column":64}},"type":"if","locations":[{"start":{"line":197,"column":8},"end":{"line":197,"column":64}},{"start":{"line":197,"column":8},"end":{"line":197,"column":64}}],"line":197},"18":{"loc":{"start":{"line":198,"column":8},"end":{"line":201,"column":9}},"type":"if","locations":[{"start":{"line":198,"column":8},"end":{"line":201,"column":9}},{"start":{"line":198,"column":8},"end":{"line":201,"column":9}}],"line":198},"19":{"loc":{"start":{"line":230,"column":4},"end":{"line":232,"column":5}},"type":"if","locations":[{"start":{"line":230,"column":4},"end":{"line":232,"column":5}},{"start":{"line":230,"column":4},"end":{"line":232,"column":5}}],"line":230},"20":{"loc":{"start":{"line":276,"column":2},"end":{"line":279,"column":3}},"type":"if","locations":[{"start":{"line":276,"column":2},"end":{"line":279,"column":3}},{"start":{"line":276,"column":2},"end":{"line":279,"column":3}}],"line":276},"21":{"loc":{"start":{"line":276,"column":7},"end":{"line":277,"column":45}},"type":"binary-expr","locations":[{"start":{"line":276,"column":7},"end":{"line":276,"column":40}},{"start":{"line":277,"column":7},"end":{"line":277,"column":45}}],"line":276},"22":{"loc":{"start":{"line":295,"column":15},"end":{"line":295,"column":32}},"type":"binary-expr","locations":[{"start":{"line":295,"column":15},"end":{"line":295,"column":20}},{"start":{"line":295,"column":24},"end":{"line":295,"column":32}}],"line":295},"23":{"loc":{"start":{"line":302,"column":4},"end":{"line":304,"column":5}},"type":"if","locations":[{"start":{"line":302,"column":4},"end":{"line":304,"column":5}},{"start":{"line":302,"column":4},"end":{"line":304,"column":5}}],"line":302}},"s":{"0":3,"1":3,"2":3,"3":3,"4":43,"5":43,"6":43,"7":43,"8":43,"9":43,"10":43,"11":43,"12":43,"13":44,"14":28,"15":43,"16":3,"17":43,"18":40,"19":3,"20":6,"21":6,"22":3,"23":1,"24":1,"25":3,"26":1,"27":43,"28":3,"29":3,"30":3,"31":1,"32":3,"33":3,"34":40,"35":43,"36":43,"37":40,"38":43,"39":43,"40":43,"41":43,"42":43,"43":147,"44":147,"45":147,"46":113,"47":34,"48":2,"49":32,"50":43,"51":43,"52":0,"53":0,"54":0,"55":0,"56":0,"57":0,"58":0,"59":0,"60":3,"61":4,"62":4,"63":43,"64":43,"65":43,"66":13,"67":30,"68":30,"69":30,"70":30,"71":30,"72":30,"73":30,"74":30,"75":30,"76":30,"77":30,"78":30,"79":30,"80":30,"81":70,"82":0,"83":70,"84":70,"85":43,"86":3,"87":38,"88":38,"89":7,"90":7,"91":7,"92":7,"93":4,"94":7,"95":7,"96":3,"97":18,"98":18,"99":18,"100":18,"101":18,"102":18,"103":37,"104":37,"105":37,"106":18,"107":3},"f":{"0":43,"1":44,"2":43,"3":6,"4":1,"5":43,"6":43,"7":43,"8":0,"9":3,"10":43,"11":30,"12":70,"13":43,"14":7,"15":38,"16":18},"b":{"0":[28,16],"1":[40,3],"2":[3,3],"3":[1,2],"4":[3,40],"5":[3,2],"6":[1,2],"7":[40,3],"8":[147,0],"9":[113,34],"10":[2,32],"11":[0,0],"12":[0,0],"13":[4,0],"14":[43,43],"15":[13,30],"16":[30,0],"17":[30,0],"18":[30,0],"19":[0,70],"20":[4,3],"21":[7,4],"22":[18,17],"23":[37,0]},"_coverageSchema":"43e27e138ebf9cfc5966b082cf9a028302ed4184","hash":"155958e52ee845f02ceee25eba13a2cb66636ee1"}
,"/Users/contolinic/Sites/capital-framework/packages/cf-atomic-component/src/components/Molecule.js": {"path":"/Users/contolinic/Sites/capital-framework/packages/cf-atomic-component/src/components/Molecule.js","statementMap":{"0":{"start":{"line":8,"column":24},"end":{"line":8,"column":54}},"1":{"start":{"line":9,"column":14},"end":{"line":9,"column":52}},"2":{"start":{"line":11,"column":17},"end":{"line":14,"column":3}},"3":{"start":{"line":16,"column":0},"end":{"line":16,"column":26}}},"fnMap":{},"branchMap":{},"s":{"0":0,"1":0,"2":0,"3":0},"f":{},"b":{},"hash":"b20ea85f86c1ca3d2b23805e1174217fe213a872"}
,"/Users/contolinic/Sites/capital-framework/packages/cf-atomic-component/src/components/Organism.js": {"path":"/Users/contolinic/Sites/capital-framework/packages/cf-atomic-component/src/components/Organism.js","statementMap":{"0":{"start":{"line":8,"column":24},"end":{"line":8,"column":54}},"1":{"start":{"line":9,"column":14},"end":{"line":9,"column":52}},"2":{"start":{"line":11,"column":17},"end":{"line":14,"column":3}},"3":{"start":{"line":16,"column":0},"end":{"line":16,"column":26}}},"fnMap":{},"branchMap":{},"s":{"0":2,"1":2,"2":2,"3":2},"f":{},"b":{},"_coverageSchema":"43e27e138ebf9cfc5966b082cf9a028302ed4184","hash":"99d12ec1265049c3378adb0761bc8a8f6b7e9123"}
,"/Users/contolinic/Sites/capital-framework/packages/cf-atomic-component/src/components/Page.js": {"path":"/Users/contolinic/Sites/capital-framework/packages/cf-atomic-component/src/components/Page.js","statementMap":{"0":{"start":{"line":8,"column":24},"end":{"line":8,"column":54}},"1":{"start":{"line":9,"column":14},"end":{"line":9,"column":52}},"2":{"start":{"line":11,"column":13},"end":{"line":14,"column":3}},"3":{"start":{"line":16,"column":0},"end":{"line":16,"column":22}}},"fnMap":{},"branchMap":{},"s":{"0":0,"1":0,"2":0,"3":0},"f":{},"b":{},"hash":"33204f52d9437b48a3a7c83d3f9ea19986120170"}
,"/Users/contolinic/Sites/capital-framework/packages/cf-atomic-component/src/components/_Template.js": {"path":"/Users/contolinic/Sites/capital-framework/packages/cf-atomic-component/src/components/_Template.js","statementMap":{"0":{"start":{"line":8,"column":24},"end":{"line":8,"column":54}},"1":{"start":{"line":9,"column":14},"end":{"line":9,"column":52}},"2":{"start":{"line":11,"column":17},"end":{"line":14,"column":3}},"3":{"start":{"line":16,"column":0},"end":{"line":16,"column":26}}},"fnMap":{},"branchMap":{},"s":{"0":0,"1":0,"2":0,"3":0},"f":{},"b":{},"hash":"0ee752d4af233094882fe7b2ecdd9a697d9b4fb1"}
,"/Users/contolinic/Sites/capital-framework/packages/cf-atomic-component/src/mixins/Events.js": {"path":"/Users/contolinic/Sites/capital-framework/packages/cf-atomic-component/src/mixins/Events.js","statementMap":{"0":{"start":{"line":7,"column":15},"end":{"line":55,"column":1}},"1":{"start":{"line":18,"column":19},"end":{"line":18,"column":50}},"2":{"start":{"line":19,"column":4},"end":{"line":19,"column":53}},"3":{"start":{"line":20,"column":4},"end":{"line":20,"column":39}},"4":{"start":{"line":22,"column":4},"end":{"line":22,"column":16}},"5":{"start":{"line":33,"column":4},"end":{"line":33,"column":79}},"6":{"start":{"line":33,"column":49},"end":{"line":33,"column":79}},"7":{"start":{"line":35,"column":4},"end":{"line":35,"column":16}},"8":{"start":{"line":45,"column":19},"end":{"line":45,"column":36}},"9":{"start":{"line":46,"column":4},"end":{"line":48,"column":5}},"10":{"start":{"line":47,"column":6},"end":{"line":47,"column":18}},"11":{"start":{"line":49,"column":4},"end":{"line":51,"column":5}},"12":{"start":{"line":49,"column":18},"end":{"line":49,"column":19}},"13":{"start":{"line":49,"column":27},"end":{"line":49,"column":51}},"14":{"start":{"line":50,"column":6},"end":{"line":50,"column":57}},"15":{"start":{"line":53,"column":4},"end":{"line":53,"column":16}},"16":{"start":{"line":57,"column":0},"end":{"line":57,"column":24}}},"fnMap":{"0":{"name":"(anonymous_0)","decl":{"start":{"line":17,"column":6},"end":{"line":17,"column":7}},"loc":{"start":{"line":17,"column":38},"end":{"line":23,"column":3}},"line":17},"1":{"name":"(anonymous_1)","decl":{"start":{"line":32,"column":7},"end":{"line":32,"column":8}},"loc":{"start":{"line":32,"column":29},"end":{"line":36,"column":3}},"line":32},"2":{"name":"(anonymous_2)","decl":{"start":{"line":44,"column":11},"end":{"line":44,"column":12}},"loc":{"start":{"line":44,"column":33},"end":{"line":54,"column":3}},"line":44}},"branchMap":{"0":{"loc":{"start":{"line":18,"column":33},"end":{"line":18,"column":50}},"type":"binary-expr","locations":[{"start":{"line":18,"column":33},"end":{"line":18,"column":44}},{"start":{"line":18,"column":48},"end":{"line":18,"column":50}}],"line":18},"1":{"loc":{"start":{"line":19,"column":24},"end":{"line":19,"column":52}},"type":"binary-expr","locations":[{"start":{"line":19,"column":24},"end":{"line":19,"column":46}},{"start":{"line":19,"column":50},"end":{"line":19,"column":52}}],"line":19},"2":{"loc":{"start":{"line":33,"column":4},"end":{"line":33,"column":79}},"type":"if","locations":[{"start":{"line":33,"column":4},"end":{"line":33,"column":79}},{"start":{"line":33,"column":4},"end":{"line":33,"column":79}}],"line":33},"3":{"loc":{"start":{"line":33,"column":9},"end":{"line":33,"column":46}},"type":"binary-expr","locations":[{"start":{"line":33,"column":9},"end":{"line":33,"column":20}},{"start":{"line":33,"column":24},"end":{"line":33,"column":46}}],"line":33},"4":{"loc":{"start":{"line":45,"column":19},"end":{"line":45,"column":36}},"type":"binary-expr","locations":[{"start":{"line":45,"column":19},"end":{"line":45,"column":30}},{"start":{"line":45,"column":34},"end":{"line":45,"column":36}}],"line":45},"5":{"loc":{"start":{"line":46,"column":4},"end":{"line":48,"column":5}},"type":"if","locations":[{"start":{"line":46,"column":4},"end":{"line":48,"column":5}},{"start":{"line":46,"column":4},"end":{"line":48,"column":5}}],"line":46}},"s":{"0":8,"1":74,"2":74,"3":74,"4":74,"5":1,"6":1,"7":1,"8":227,"9":227,"10":215,"11":12,"12":12,"13":12,"14":103,"15":12,"16":8},"f":{"0":74,"1":1,"2":227},"b":{"0":[74,56],"1":[74,59],"2":[1,0],"3":[1,1],"4":[227,74],"5":[215,12]},"_coverageSchema":"43e27e138ebf9cfc5966b082cf9a028302ed4184","hash":"05c5d32840f273d49fc489405aadc33e6a628332"}
,"/Users/contolinic/Sites/capital-framework/packages/cf-atomic-component/src/utilities/dom-closest/index.js": {"path":"/Users/contolinic/Sites/capital-framework/packages/cf-atomic-component/src/utilities/dom-closest/index.js","statementMap":{"0":{"start":{"line":19,"column":2},"end":{"line":21,"column":3}},"1":{"start":{"line":20,"column":4},"end":{"line":20,"column":39}},"2":{"start":{"line":23,"column":26},"end":{"line":26,"column":51}},"3":{"start":{"line":29,"column":2},"end":{"line":37,"column":3}},"4":{"start":{"line":30,"column":4},"end":{"line":34,"column":5}},"5":{"start":{"line":31,"column":6},"end":{"line":31,"column":22}},"6":{"start":{"line":33,"column":6},"end":{"line":33,"column":38}},"7":{"start":{"line":36,"column":4},"end":{"line":36,"column":36}},"8":{"start":{"line":36,"column":19},"end":{"line":36,"column":34}},"9":{"start":{"line":39,"column":2},"end":{"line":39,"column":14}},"10":{"start":{"line":44,"column":0},"end":{"line":46,"column":2}}},"fnMap":{"0":{"name":"closest","decl":{"start":{"line":18,"column":9},"end":{"line":18,"column":16}},"loc":{"start":{"line":18,"column":38},"end":{"line":40,"column":1}},"line":18}},"branchMap":{"0":{"loc":{"start":{"line":19,"column":2},"end":{"line":21,"column":3}},"type":"if","locations":[{"start":{"line":19,"column":2},"end":{"line":21,"column":3}},{"start":{"line":19,"column":2},"end":{"line":21,"column":3}}],"line":19},"1":{"loc":{"start":{"line":23,"column":26},"end":{"line":26,"column":51}},"type":"binary-expr","locations":[{"start":{"line":23,"column":26},"end":{"line":23,"column":41}},{"start":{"line":24,"column":26},"end":{"line":24,"column":55}},{"start":{"line":25,"column":26},"end":{"line":25,"column":52}},{"start":{"line":26,"column":26},"end":{"line":26,"column":51}}],"line":23},"2":{"loc":{"start":{"line":30,"column":4},"end":{"line":34,"column":5}},"type":"if","locations":[{"start":{"line":30,"column":4},"end":{"line":34,"column":5}},{"start":{"line":30,"column":4},"end":{"line":34,"column":5}}],"line":30},"3":{"loc":{"start":{"line":36,"column":4},"end":{"line":36,"column":36}},"type":"if","locations":[{"start":{"line":36,"column":4},"end":{"line":36,"column":36}},{"start":{"line":36,"column":4},"end":{"line":36,"column":36}}],"line":36}},"s":{"0":39,"1":36,"2":3,"3":3,"4":3,"5":0,"6":3,"7":3,"8":0,"9":3,"10":3},"f":{"0":39},"b":{"0":[36,3],"1":[3,3,2,1],"2":[0,3],"3":[0,3]},"_coverageSchema":"43e27e138ebf9cfc5966b082cf9a028302ed4184","hash":"980f506c20d471e1201fc869ba7e694c230c8af1"}
,"/Users/contolinic/Sites/capital-framework/packages/cf-atomic-component/src/utilities/object-assign/index.js": {"path":"/Users/contolinic/Sites/capital-framework/packages/cf-atomic-component/src/utilities/object-assign/index.js","statementMap":{"0":{"start":{"line":16,"column":2},"end":{"line":16,"column":72}},"1":{"start":{"line":30,"column":2},"end":{"line":30,"column":34}},"2":{"start":{"line":31,"column":2},"end":{"line":44,"column":3}},"3":{"start":{"line":31,"column":16},"end":{"line":31,"column":17}},"4":{"start":{"line":31,"column":25},"end":{"line":31,"column":41}},"5":{"start":{"line":32,"column":19},"end":{"line":32,"column":37}},"6":{"start":{"line":34,"column":4},"end":{"line":43,"column":5}},"7":{"start":{"line":35,"column":6},"end":{"line":42,"column":7}},"8":{"start":{"line":36,"column":22},"end":{"line":36,"column":33}},"9":{"start":{"line":37,"column":8},"end":{"line":41,"column":9}},"10":{"start":{"line":38,"column":10},"end":{"line":38,"column":73}},"11":{"start":{"line":40,"column":10},"end":{"line":40,"column":35}},"12":{"start":{"line":46,"column":2},"end":{"line":46,"column":21}},"13":{"start":{"line":51,"column":0},"end":{"line":51,"column":36}}},"fnMap":{"0":{"name":"_isPlainObject","decl":{"start":{"line":15,"column":9},"end":{"line":15,"column":23}},"loc":{"start":{"line":15,"column":34},"end":{"line":17,"column":1}},"line":15},"1":{"name":"assign","decl":{"start":{"line":29,"column":9},"end":{"line":29,"column":15}},"loc":{"start":{"line":29,"column":31},"end":{"line":47,"column":1}},"line":29}},"branchMap":{"0":{"loc":{"start":{"line":30,"column":16},"end":{"line":30,"column":33}},"type":"binary-expr","locations":[{"start":{"line":30,"column":16},"end":{"line":30,"column":27}},{"start":{"line":30,"column":31},"end":{"line":30,"column":33}}],"line":30},"1":{"loc":{"start":{"line":32,"column":19},"end":{"line":32,"column":37}},"type":"binary-expr","locations":[{"start":{"line":32,"column":19},"end":{"line":32,"column":31}},{"start":{"line":32,"column":35},"end":{"line":32,"column":37}}],"line":32},"2":{"loc":{"start":{"line":35,"column":6},"end":{"line":42,"column":7}},"type":"if","locations":[{"start":{"line":35,"column":6},"end":{"line":42,"column":7}},{"start":{"line":35,"column":6},"end":{"line":42,"column":7}}],"line":35},"3":{"loc":{"start":{"line":37,"column":8},"end":{"line":41,"column":9}},"type":"if","locations":[{"start":{"line":37,"column":8},"end":{"line":41,"column":9}},{"start":{"line":37,"column":8},"end":{"line":41,"column":9}}],"line":37},"4":{"loc":{"start":{"line":38,"column":18},"end":{"line":38,"column":63}},"type":"binary-expr","locations":[{"start":{"line":38,"column":18},"end":{"line":38,"column":34}},{"start":{"line":38,"column":40},"end":{"line":38,"column":61}}],"line":38}},"s":{"0":316,"1":134,"2":134,"3":134,"4":134,"5":139,"6":139,"7":316,"8":316,"9":316,"10":20,"11":296,"12":134,"13":4},"f":{"0":316,"1":134},"b":{"0":[134,0],"1":[139,50],"2":[316,0],"3":[20,296],"4":[20,17]},"_coverageSchema":"43e27e138ebf9cfc5966b082cf9a028302ed4184","hash":"f11cb830d1ad36dbe21a910c458e7b4271837d9b"}
,"/Users/contolinic/Sites/capital-framework/packages/cf-atomic-component/src/utilities/transition/AlphaTransition.js": {"path":"/Users/contolinic/Sites/capital-framework/packages/cf-atomic-component/src/utilities/transition/AlphaTransition.js","statementMap":{"0":{"start":{"line":2,"column":15},"end":{"line":2,"column":50}},"1":{"start":{"line":3,"column":23},"end":{"line":3,"column":52}},"2":{"start":{"line":6,"column":16},"end":{"line":10,"column":1}},"3":{"start":{"line":24,"column":26},"end":{"line":24,"column":64}},"4":{"start":{"line":30,"column":4},"end":{"line":30,"column":27}},"5":{"start":{"line":31,"column":38},"end":{"line":31,"column":70}},"6":{"start":{"line":32,"column":4},"end":{"line":35,"column":6}},"7":{"start":{"line":36,"column":4},"end":{"line":36,"column":16}},"8":{"start":{"line":43,"column":4},"end":{"line":43,"column":63}},"9":{"start":{"line":51,"column":4},"end":{"line":51,"column":52}},"10":{"start":{"line":53,"column":4},"end":{"line":53,"column":16}},"11":{"start":{"line":61,"column":4},"end":{"line":61,"column":50}},"12":{"start":{"line":63,"column":4},"end":{"line":63,"column":16}},"13":{"start":{"line":67,"column":2},"end":{"line":67,"column":50}},"14":{"start":{"line":68,"column":2},"end":{"line":68,"column":32}},"15":{"start":{"line":69,"column":2},"end":{"line":69,"column":56}},"16":{"start":{"line":71,"column":2},"end":{"line":71,"column":47}},"17":{"start":{"line":72,"column":2},"end":{"line":72,"column":45}},"18":{"start":{"line":73,"column":2},"end":{"line":73,"column":35}},"19":{"start":{"line":74,"column":2},"end":{"line":74,"column":47}},"20":{"start":{"line":75,"column":2},"end":{"line":75,"column":39}},"21":{"start":{"line":76,"column":2},"end":{"line":76,"column":47}},"22":{"start":{"line":78,"column":2},"end":{"line":78,"column":23}},"23":{"start":{"line":79,"column":2},"end":{"line":79,"column":25}},"24":{"start":{"line":80,"column":2},"end":{"line":80,"column":19}},"25":{"start":{"line":82,"column":2},"end":{"line":82,"column":14}},"26":{"start":{"line":86,"column":0},"end":{"line":86,"column":34}},"27":{"start":{"line":88,"column":0},"end":{"line":88,"column":33}}},"fnMap":{"0":{"name":"AlphaTransition","decl":{"start":{"line":22,"column":9},"end":{"line":22,"column":24}},"loc":{"start":{"line":22,"column":36},"end":{"line":83,"column":1}},"line":22},"1":{"name":"init","decl":{"start":{"line":29,"column":11},"end":{"line":29,"column":15}},"loc":{"start":{"line":29,"column":18},"end":{"line":37,"column":3}},"line":29},"2":{"name":"_transitionComplete","decl":{"start":{"line":42,"column":11},"end":{"line":42,"column":30}},"loc":{"start":{"line":42,"column":33},"end":{"line":44,"column":3}},"line":42},"3":{"name":"fadeIn","decl":{"start":{"line":50,"column":11},"end":{"line":50,"column":17}},"loc":{"start":{"line":50,"column":20},"end":{"line":54,"column":3}},"line":50},"4":{"name":"fadeOut","decl":{"start":{"line":60,"column":11},"end":{"line":60,"column":18}},"loc":{"start":{"line":60,"column":21},"end":{"line":64,"column":3}},"line":60}},"branchMap":{},"s":{"0":1,"1":1,"2":1,"3":4,"4":4,"5":4,"6":4,"7":4,"8":0,"9":2,"10":2,"11":2,"12":2,"13":4,"14":4,"15":4,"16":4,"17":4,"18":4,"19":4,"20":4,"21":4,"22":4,"23":4,"24":4,"25":4,"26":1,"27":1},"f":{"0":4,"1":4,"2":0,"3":2,"4":2},"b":{},"_coverageSchema":"43e27e138ebf9cfc5966b082cf9a028302ed4184","hash":"eec2b105d370b5e1bae13f7b55a8930ccba212c6"}
,"/Users/contolinic/Sites/capital-framework/packages/cf-atomic-component/src/utilities/transition/BaseTransition.js": {"path":"/Users/contolinic/Sites/capital-framework/packages/cf-atomic-component/src/utilities/transition/BaseTransition.js","statementMap":{"0":{"start":{"line":2,"column":15},"end":{"line":2,"column":50}},"1":{"start":{"line":20,"column":19},"end":{"line":20,"column":26}},"2":{"start":{"line":27,"column":21},"end":{"line":27,"column":26}},"3":{"start":{"line":28,"column":19},"end":{"line":28,"column":24}},"4":{"start":{"line":34,"column":4},"end":{"line":34,"column":65}},"5":{"start":{"line":35,"column":4},"end":{"line":35,"column":61}},"6":{"start":{"line":36,"column":4},"end":{"line":36,"column":26}},"7":{"start":{"line":38,"column":4},"end":{"line":38,"column":16}},"8":{"start":{"line":50,"column":4},"end":{"line":53,"column":5}},"9":{"start":{"line":51,"column":6},"end":{"line":51,"column":15}},"10":{"start":{"line":52,"column":6},"end":{"line":52,"column":18}},"11":{"start":{"line":54,"column":4},"end":{"line":54,"column":25}},"12":{"start":{"line":55,"column":4},"end":{"line":55,"column":46}},"13":{"start":{"line":56,"column":4},"end":{"line":56,"column":57}},"14":{"start":{"line":64,"column":4},"end":{"line":64,"column":33}},"15":{"start":{"line":64,"column":19},"end":{"line":64,"column":31}},"16":{"start":{"line":65,"column":4},"end":{"line":65,"column":63}},"17":{"start":{"line":67,"column":4},"end":{"line":67,"column":16}},"18":{"start":{"line":75,"column":4},"end":{"line":75,"column":33}},"19":{"start":{"line":75,"column":19},"end":{"line":75,"column":31}},"20":{"start":{"line":76,"column":4},"end":{"line":76,"column":60}},"21":{"start":{"line":78,"column":4},"end":{"line":78,"column":16}},"22":{"start":{"line":86,"column":4},"end":{"line":86,"column":34}},"23":{"start":{"line":86,"column":19},"end":{"line":86,"column":32}},"24":{"start":{"line":87,"column":4},"end":{"line":87,"column":73}},"25":{"start":{"line":94,"column":4},"end":{"line":94,"column":36}},"26":{"start":{"line":94,"column":27},"end":{"line":94,"column":34}},"27":{"start":{"line":95,"column":4},"end":{"line":95,"column":46}},"28":{"start":{"line":96,"column":4},"end":{"line":96,"column":43}},"29":{"start":{"line":97,"column":4},"end":{"line":97,"column":41}},"30":{"start":{"line":98,"column":4},"end":{"line":98,"column":40}},"31":{"start":{"line":99,"column":4},"end":{"line":102,"column":6}},"32":{"start":{"line":103,"column":4},"end":{"line":103,"column":32}},"33":{"start":{"line":104,"column":4},"end":{"line":104,"column":45}},"34":{"start":{"line":105,"column":4},"end":{"line":105,"column":42}},"35":{"start":{"line":106,"column":4},"end":{"line":106,"column":40}},"36":{"start":{"line":107,"column":4},"end":{"line":107,"column":39}},"37":{"start":{"line":115,"column":4},"end":{"line":115,"column":24}},"38":{"start":{"line":117,"column":4},"end":{"line":126,"column":5}},"39":{"start":{"line":118,"column":6},"end":{"line":121,"column":8}},"40":{"start":{"line":122,"column":6},"end":{"line":122,"column":67}},"41":{"start":{"line":124,"column":6},"end":{"line":124,"column":67}},"42":{"start":{"line":125,"column":6},"end":{"line":125,"column":34}},"43":{"start":{"line":133,"column":4},"end":{"line":133,"column":79}},"44":{"start":{"line":140,"column":4},"end":{"line":140,"column":27}},"45":{"start":{"line":141,"column":4},"end":{"line":141,"column":63}},"46":{"start":{"line":142,"column":4},"end":{"line":142,"column":25}},"47":{"start":{"line":153,"column":4},"end":{"line":159,"column":5}},"48":{"start":{"line":154,"column":6},"end":{"line":158,"column":7}},"49":{"start":{"line":157,"column":8},"end":{"line":157,"column":48}},"50":{"start":{"line":169,"column":4},"end":{"line":174,"column":5}},"51":{"start":{"line":170,"column":6},"end":{"line":170,"column":13}},"52":{"start":{"line":171,"column":6},"end":{"line":171,"column":51}},"53":{"start":{"line":172,"column":6},"end":{"line":172,"column":15}},"54":{"start":{"line":173,"column":6},"end":{"line":173,"column":18}},"55":{"start":{"line":176,"column":4},"end":{"line":176,"column":17}},"56":{"start":{"line":186,"column":4},"end":{"line":186,"column":34}},"57":{"start":{"line":186,"column":19},"end":{"line":186,"column":32}},"58":{"start":{"line":187,"column":4},"end":{"line":190,"column":5}},"59":{"start":{"line":188,"column":6},"end":{"line":188,"column":15}},"60":{"start":{"line":189,"column":6},"end":{"line":189,"column":24}},"61":{"start":{"line":192,"column":4},"end":{"line":194,"column":5}},"62":{"start":{"line":193,"column":6},"end":{"line":193,"column":19}},"63":{"start":{"line":196,"column":4},"end":{"line":196,"column":27}},"64":{"start":{"line":197,"column":4},"end":{"line":197,"column":40}},"65":{"start":{"line":198,"column":4},"end":{"line":198,"column":27}},"66":{"start":{"line":199,"column":4},"end":{"line":199,"column":30}},"67":{"start":{"line":200,"column":4},"end":{"line":200,"column":37}},"68":{"start":{"line":202,"column":4},"end":{"line":202,"column":16}},"69":{"start":{"line":213,"column":4},"end":{"line":216,"column":5}},"70":{"start":{"line":214,"column":18},"end":{"line":214,"column":78}},"71":{"start":{"line":215,"column":6},"end":{"line":215,"column":29}},"72":{"start":{"line":219,"column":24},"end":{"line":224,"column":5}},"73":{"start":{"line":227,"column":4},"end":{"line":233,"column":5}},"74":{"start":{"line":228,"column":6},"end":{"line":232,"column":7}},"75":{"start":{"line":230,"column":8},"end":{"line":230,"column":48}},"76":{"start":{"line":231,"column":8},"end":{"line":231,"column":14}},"77":{"start":{"line":234,"column":4},"end":{"line":234,"column":22}},"78":{"start":{"line":239,"column":2},"end":{"line":239,"column":36}},"79":{"start":{"line":240,"column":2},"end":{"line":240,"column":32}},"80":{"start":{"line":241,"column":2},"end":{"line":241,"column":40}},"81":{"start":{"line":243,"column":2},"end":{"line":243,"column":31}},"82":{"start":{"line":244,"column":2},"end":{"line":244,"column":29}},"83":{"start":{"line":245,"column":2},"end":{"line":245,"column":31}},"84":{"start":{"line":246,"column":2},"end":{"line":246,"column":19}},"85":{"start":{"line":247,"column":2},"end":{"line":247,"column":19}},"86":{"start":{"line":248,"column":2},"end":{"line":248,"column":31}},"87":{"start":{"line":249,"column":2},"end":{"line":249,"column":23}},"88":{"start":{"line":250,"column":2},"end":{"line":250,"column":31}},"89":{"start":{"line":252,"column":2},"end":{"line":252,"column":14}},"90":{"start":{"line":257,"column":0},"end":{"line":257,"column":47}},"91":{"start":{"line":258,"column":0},"end":{"line":258,"column":43}},"92":{"start":{"line":259,"column":0},"end":{"line":259,"column":53}},"93":{"start":{"line":261,"column":0},"end":{"line":261,"column":32}}},"fnMap":{"0":{"name":"BaseTransition","decl":{"start":{"line":19,"column":9},"end":{"line":19,"column":23}},"loc":{"start":{"line":19,"column":44},"end":{"line":253,"column":1}},"line":19},"1":{"name":"init","decl":{"start":{"line":33,"column":11},"end":{"line":33,"column":15}},"loc":{"start":{"line":33,"column":18},"end":{"line":39,"column":3}},"line":33},"2":{"name":"setElement","decl":{"start":{"line":45,"column":11},"end":{"line":45,"column":21}},"loc":{"start":{"line":45,"column":39},"end":{"line":57,"column":3}},"line":45},"3":{"name":"animateOn","decl":{"start":{"line":63,"column":11},"end":{"line":63,"column":20}},"loc":{"start":{"line":63,"column":23},"end":{"line":68,"column":3}},"line":63},"4":{"name":"animateOff","decl":{"start":{"line":74,"column":11},"end":{"line":74,"column":21}},"loc":{"start":{"line":74,"column":24},"end":{"line":79,"column":3}},"line":74},"5":{"name":"isAnimated","decl":{"start":{"line":85,"column":11},"end":{"line":85,"column":21}},"loc":{"start":{"line":85,"column":24},"end":{"line":88,"column":3}},"line":85},"6":{"name":"halt","decl":{"start":{"line":93,"column":11},"end":{"line":93,"column":15}},"loc":{"start":{"line":93,"column":18},"end":{"line":108,"column":3}},"line":93},"7":{"name":"_addEventListener","decl":{"start":{"line":114,"column":11},"end":{"line":114,"column":28}},"loc":{"start":{"line":114,"column":31},"end":{"line":127,"column":3}},"line":114},"8":{"name":"_removeEventListener","decl":{"start":{"line":132,"column":11},"end":{"line":132,"column":31}},"loc":{"start":{"line":132,"column":34},"end":{"line":134,"column":3}},"line":132},"9":{"name":"_transitionComplete","decl":{"start":{"line":139,"column":11},"end":{"line":139,"column":30}},"loc":{"start":{"line":139,"column":33},"end":{"line":143,"column":3}},"line":139},"10":{"name":"_flush","decl":{"start":{"line":151,"column":11},"end":{"line":151,"column":17}},"loc":{"start":{"line":151,"column":20},"end":{"line":160,"column":3}},"line":151},"11":{"name":"remove","decl":{"start":{"line":168,"column":11},"end":{"line":168,"column":17}},"loc":{"start":{"line":168,"column":20},"end":{"line":177,"column":3}},"line":168},"12":{"name":"applyClass","decl":{"start":{"line":185,"column":11},"end":{"line":185,"column":21}},"loc":{"start":{"line":185,"column":35},"end":{"line":203,"column":3}},"line":185},"13":{"name":"_getTransitionEndEvent","decl":{"start":{"line":212,"column":11},"end":{"line":212,"column":33}},"loc":{"start":{"line":212,"column":42},"end":{"line":235,"column":3}},"line":212}},"branchMap":{"0":{"loc":{"start":{"line":50,"column":4},"end":{"line":53,"column":5}},"type":"if","locations":[{"start":{"line":50,"column":4},"end":{"line":53,"column":5}},{"start":{"line":50,"column":4},"end":{"line":53,"column":5}}],"line":50},"1":{"loc":{"start":{"line":64,"column":4},"end":{"line":64,"column":33}},"type":"if","locations":[{"start":{"line":64,"column":4},"end":{"line":64,"column":33}},{"start":{"line":64,"column":4},"end":{"line":64,"column":33}}],"line":64},"2":{"loc":{"start":{"line":75,"column":4},"end":{"line":75,"column":33}},"type":"if","locations":[{"start":{"line":75,"column":4},"end":{"line":75,"column":33}},{"start":{"line":75,"column":4},"end":{"line":75,"column":33}}],"line":75},"3":{"loc":{"start":{"line":86,"column":4},"end":{"line":86,"column":34}},"type":"if","locations":[{"start":{"line":86,"column":4},"end":{"line":86,"column":34}},{"start":{"line":86,"column":4},"end":{"line":86,"column":34}}],"line":86},"4":{"loc":{"start":{"line":94,"column":4},"end":{"line":94,"column":36}},"type":"if","locations":[{"start":{"line":94,"column":4},"end":{"line":94,"column":36}},{"start":{"line":94,"column":4},"end":{"line":94,"column":36}}],"line":94},"5":{"loc":{"start":{"line":117,"column":4},"end":{"line":126,"column":5}},"type":"if","locations":[{"start":{"line":117,"column":4},"end":{"line":126,"column":5}},{"start":{"line":117,"column":4},"end":{"line":126,"column":5}}],"line":117},"6":{"loc":{"start":{"line":154,"column":6},"end":{"line":158,"column":7}},"type":"if","locations":[{"start":{"line":154,"column":6},"end":{"line":158,"column":7}},{"start":{"line":154,"column":6},"end":{"line":158,"column":7}}],"line":154},"7":{"loc":{"start":{"line":154,"column":11},"end":{"line":156,"column":52}},"type":"binary-expr","locations":[{"start":{"line":154,"column":11},"end":{"line":154,"column":42}},{"start":{"line":155,"column":11},"end":{"line":155,"column":49}},{"start":{"line":156,"column":11},"end":{"line":156,"column":52}}],"line":154},"8":{"loc":{"start":{"line":169,"column":4},"end":{"line":174,"column":5}},"type":"if","locations":[{"start":{"line":169,"column":4},"end":{"line":174,"column":5}},{"start":{"line":169,"column":4},"end":{"line":174,"column":5}}],"line":169},"9":{"loc":{"start":{"line":186,"column":4},"end":{"line":186,"column":34}},"type":"if","locations":[{"start":{"line":186,"column":4},"end":{"line":186,"column":34}},{"start":{"line":186,"column":4},"end":{"line":186,"column":34}}],"line":186},"10":{"loc":{"start":{"line":187,"column":4},"end":{"line":190,"column":5}},"type":"if","locations":[{"start":{"line":187,"column":4},"end":{"line":190,"column":5}},{"start":{"line":187,"column":4},"end":{"line":190,"column":5}}],"line":187},"11":{"loc":{"start":{"line":192,"column":4},"end":{"line":194,"column":5}},"type":"if","locations":[{"start":{"line":192,"column":4},"end":{"line":194,"column":5}},{"start":{"line":192,"column":4},"end":{"line":194,"column":5}}],"line":192},"12":{"loc":{"start":{"line":213,"column":4},"end":{"line":216,"column":5}},"type":"if","locations":[{"start":{"line":213,"column":4},"end":{"line":216,"column":5}},{"start":{"line":213,"column":4},"end":{"line":216,"column":5}}],"line":213},"13":{"loc":{"start":{"line":228,"column":6},"end":{"line":232,"column":7}},"type":"if","locations":[{"start":{"line":228,"column":6},"end":{"line":232,"column":7}},{"start":{"line":228,"column":6},"end":{"line":232,"column":7}}],"line":228},"14":{"loc":{"start":{"line":228,"column":11},"end":{"line":229,"column":59}},"type":"binary-expr","locations":[{"start":{"line":228,"column":11},"end":{"line":228,"column":54}},{"start":{"line":229,"column":11},"end":{"line":229,"column":59}}],"line":228}},"s":{"0":5,"1":66,"2":66,"3":66,"4":64,"5":64,"6":64,"7":64,"8":65,"9":1,"10":1,"11":65,"12":65,"13":65,"14":5,"15":1,"16":4,"17":4,"18":5,"19":1,"20":4,"21":4,"22":4,"23":1,"24":3,"25":2,"26":2,"27":0,"28":0,"29":0,"30":0,"31":0,"32":0,"33":0,"34":0,"35":0,"36":0,"37":77,"38":77,"39":77,"40":77,"41":0,"42":0,"43":77,"44":0,"45":0,"46":0,"47":55,"48":237,"49":24,"50":3,"51":2,"52":2,"53":2,"54":2,"55":1,"56":79,"57":1,"58":78,"59":53,"60":53,"61":78,"62":1,"63":77,"64":77,"65":77,"66":77,"67":77,"68":77,"69":65,"70":0,"71":0,"72":65,"73":65,"74":260,"75":65,"76":65,"77":65,"78":66,"79":66,"80":66,"81":66,"82":66,"83":66,"84":66,"85":66,"86":66,"87":66,"88":66,"89":66,"90":5,"91":5,"92":5,"93":5},"f":{"0":66,"1":64,"2":65,"3":5,"4":5,"5":4,"6":2,"7":77,"8":77,"9":0,"10":55,"11":3,"12":79,"13":65},"b":{"0":[1,64],"1":[1,4],"2":[1,4],"3":[1,3],"4":[2,0],"5":[77,0],"6":[24,213],"7":[237,237,182],"8":[2,1],"9":[1,78],"10":[53,25],"11":[1,77],"12":[0,65],"13":[65,195],"14":[260,260]},"_coverageSchema":"43e27e138ebf9cfc5966b082cf9a028302ed4184","hash":"ac2ae46671ae0687f76ade2ce873a301f005b693"}
,"/Users/contolinic/Sites/capital-framework/packages/cf-atomic-component/src/utilities/transition/MoveTransition.js": {"path":"/Users/contolinic/Sites/capital-framework/packages/cf-atomic-component/src/utilities/transition/MoveTransition.js","statementMap":{"0":{"start":{"line":2,"column":15},"end":{"line":2,"column":50}},"1":{"start":{"line":3,"column":23},"end":{"line":3,"column":52}},"2":{"start":{"line":6,"column":16},"end":{"line":14,"column":1}},"3":{"start":{"line":29,"column":26},"end":{"line":29,"column":64}},"4":{"start":{"line":35,"column":4},"end":{"line":35,"column":27}},"5":{"start":{"line":36,"column":38},"end":{"line":36,"column":70}},"6":{"start":{"line":37,"column":4},"end":{"line":40,"column":6}},"7":{"start":{"line":41,"column":4},"end":{"line":41,"column":16}},"8":{"start":{"line":48,"column":4},"end":{"line":48,"column":63}},"9":{"start":{"line":56,"column":4},"end":{"line":56,"column":57}},"10":{"start":{"line":58,"column":4},"end":{"line":58,"column":16}},"11":{"start":{"line":68,"column":4},"end":{"line":68,"column":23}},"12":{"start":{"line":69,"column":24},"end":{"line":73,"column":5}},"13":{"start":{"line":75,"column":4},"end":{"line":77,"column":5}},"14":{"start":{"line":76,"column":6},"end":{"line":76,"column":75}},"15":{"start":{"line":79,"column":4},"end":{"line":79,"column":57}},"16":{"start":{"line":81,"column":4},"end":{"line":81,"column":16}},"17":{"start":{"line":89,"column":4},"end":{"line":89,"column":53}},"18":{"start":{"line":91,"column":4},"end":{"line":91,"column":16}},"19":{"start":{"line":99,"column":4},"end":{"line":99,"column":50}},"20":{"start":{"line":101,"column":4},"end":{"line":101,"column":16}},"21":{"start":{"line":105,"column":2},"end":{"line":105,"column":36}},"22":{"start":{"line":106,"column":2},"end":{"line":106,"column":32}},"23":{"start":{"line":107,"column":2},"end":{"line":107,"column":40}},"24":{"start":{"line":109,"column":2},"end":{"line":109,"column":47}},"25":{"start":{"line":110,"column":2},"end":{"line":110,"column":45}},"26":{"start":{"line":111,"column":2},"end":{"line":111,"column":35}},"27":{"start":{"line":112,"column":2},"end":{"line":112,"column":47}},"28":{"start":{"line":113,"column":2},"end":{"line":113,"column":47}},"29":{"start":{"line":114,"column":2},"end":{"line":114,"column":39}},"30":{"start":{"line":116,"column":2},"end":{"line":116,"column":19}},"31":{"start":{"line":117,"column":2},"end":{"line":117,"column":27}},"32":{"start":{"line":118,"column":2},"end":{"line":118,"column":29}},"33":{"start":{"line":119,"column":2},"end":{"line":119,"column":35}},"34":{"start":{"line":120,"column":2},"end":{"line":120,"column":23}},"35":{"start":{"line":122,"column":2},"end":{"line":122,"column":14}},"36":{"start":{"line":127,"column":0},"end":{"line":127,"column":33}},"37":{"start":{"line":129,"column":0},"end":{"line":129,"column":32}}},"fnMap":{"0":{"name":"MoveTransition","decl":{"start":{"line":27,"column":9},"end":{"line":27,"column":23}},"loc":{"start":{"line":27,"column":35},"end":{"line":123,"column":1}},"line":27},"1":{"name":"init","decl":{"start":{"line":34,"column":11},"end":{"line":34,"column":15}},"loc":{"start":{"line":34,"column":18},"end":{"line":42,"column":3}},"line":34},"2":{"name":"_transitionComplete","decl":{"start":{"line":47,"column":11},"end":{"line":47,"column":30}},"loc":{"start":{"line":47,"column":33},"end":{"line":49,"column":3}},"line":47},"3":{"name":"moveToOrigin","decl":{"start":{"line":55,"column":11},"end":{"line":55,"column":23}},"loc":{"start":{"line":55,"column":26},"end":{"line":59,"column":3}},"line":55},"4":{"name":"moveLeft","decl":{"start":{"line":67,"column":11},"end":{"line":67,"column":19}},"loc":{"start":{"line":67,"column":29},"end":{"line":82,"column":3}},"line":67},"5":{"name":"moveRight","decl":{"start":{"line":88,"column":11},"end":{"line":88,"column":20}},"loc":{"start":{"line":88,"column":23},"end":{"line":92,"column":3}},"line":88},"6":{"name":"moveUp","decl":{"start":{"line":98,"column":11},"end":{"line":98,"column":17}},"loc":{"start":{"line":98,"column":20},"end":{"line":102,"column":3}},"line":98}},"branchMap":{"0":{"loc":{"start":{"line":68,"column":12},"end":{"line":68,"column":22}},"type":"binary-expr","locations":[{"start":{"line":68,"column":12},"end":{"line":68,"column":17}},{"start":{"line":68,"column":21},"end":{"line":68,"column":22}}],"line":68},"1":{"loc":{"start":{"line":75,"column":4},"end":{"line":77,"column":5}},"type":"if","locations":[{"start":{"line":75,"column":4},"end":{"line":77,"column":5}},{"start":{"line":75,"column":4},"end":{"line":77,"column":5}}],"line":75},"2":{"loc":{"start":{"line":75,"column":9},"end":{"line":75,"column":48}},"type":"binary-expr","locations":[{"start":{"line":75,"column":9},"end":{"line":75,"column":18}},{"start":{"line":75,"column":22},"end":{"line":75,"column":48}}],"line":75}},"s":{"0":1,"1":1,"2":1,"3":11,"4":11,"5":11,"6":11,"7":11,"8":0,"9":2,"10":2,"11":4,"12":4,"13":4,"14":1,"15":3,"16":3,"17":2,"18":2,"19":3,"20":3,"21":11,"22":11,"23":11,"24":11,"25":11,"26":11,"27":11,"28":11,"29":11,"30":11,"31":11,"32":11,"33":11,"34":11,"35":11,"36":1,"37":1},"f":{"0":11,"1":11,"2":0,"3":2,"4":4,"5":2,"6":3},"b":{"0":[4,1],"1":[1,3],"2":[4,4]},"_coverageSchema":"43e27e138ebf9cfc5966b082cf9a028302ed4184","hash":"5e1b6dad1def78e7b4ad44b4bb8f6eb8709f14b4"}
,"/Users/contolinic/Sites/capital-framework/packages/cf-atomic-component/src/utilities/type-checkers/index.js": {"path":"/Users/contolinic/Sites/capital-framework/packages/cf-atomic-component/src/utilities/type-checkers/index.js","statementMap":{"0":{"start":{"line":13,"column":18},"end":{"line":13,"column":43}},"1":{"start":{"line":26,"column":2},"end":{"line":26,"column":38}},"2":{"start":{"line":41,"column":2},"end":{"line":41,"column":38}},"3":{"start":{"line":59,"column":2},"end":{"line":59,"column":53}},"4":{"start":{"line":74,"column":2},"end":{"line":74,"column":55}},"5":{"start":{"line":96,"column":2},"end":{"line":96,"column":55}},"6":{"start":{"line":111,"column":2},"end":{"line":111,"column":53}},"7":{"start":{"line":125,"column":16},"end":{"line":127,"column":1}},"8":{"start":{"line":126,"column":2},"end":{"line":126,"column":54}},"9":{"start":{"line":141,"column":2},"end":{"line":141,"column":57}},"10":{"start":{"line":157,"column":2},"end":{"line":161,"column":35}},"11":{"start":{"line":166,"column":0},"end":{"line":176,"column":2}}},"fnMap":{"0":{"name":"isUndefined","decl":{"start":{"line":25,"column":9},"end":{"line":25,"column":20}},"loc":{"start":{"line":25,"column":30},"end":{"line":27,"column":1}},"line":25},"1":{"name":"isDefined","decl":{"start":{"line":40,"column":9},"end":{"line":40,"column":18}},"loc":{"start":{"line":40,"column":28},"end":{"line":42,"column":1}},"line":40},"2":{"name":"isObject","decl":{"start":{"line":57,"column":9},"end":{"line":57,"column":17}},"loc":{"start":{"line":57,"column":27},"end":{"line":60,"column":1}},"line":57},"3":{"name":"isString","decl":{"start":{"line":73,"column":9},"end":{"line":73,"column":17}},"loc":{"start":{"line":73,"column":27},"end":{"line":75,"column":1}},"line":73},"4":{"name":"isNumber","decl":{"start":{"line":95,"column":9},"end":{"line":95,"column":17}},"loc":{"start":{"line":95,"column":27},"end":{"line":97,"column":1}},"line":95},"5":{"name":"isDate","decl":{"start":{"line":110,"column":9},"end":{"line":110,"column":15}},"loc":{"start":{"line":110,"column":25},"end":{"line":112,"column":1}},"line":110},"6":{"name":"isArray","decl":{"start":{"line":125,"column":42},"end":{"line":125,"column":49}},"loc":{"start":{"line":125,"column":59},"end":{"line":127,"column":1}},"line":125},"7":{"name":"isFunction","decl":{"start":{"line":140,"column":9},"end":{"line":140,"column":19}},"loc":{"start":{"line":140,"column":29},"end":{"line":142,"column":1}},"line":140},"8":{"name":"isEmpty","decl":{"start":{"line":156,"column":9},"end":{"line":156,"column":16}},"loc":{"start":{"line":156,"column":26},"end":{"line":162,"column":1}},"line":156}},"branchMap":{"0":{"loc":{"start":{"line":59,"column":9},"end":{"line":59,"column":52}},"type":"binary-expr","locations":[{"start":{"line":59,"column":9},"end":{"line":59,"column":23}},{"start":{"line":59,"column":27},"end":{"line":59,"column":52}}],"line":59},"1":{"loc":{"start":{"line":125,"column":16},"end":{"line":127,"column":1}},"type":"binary-expr","locations":[{"start":{"line":125,"column":16},"end":{"line":125,"column":29}},{"start":{"line":125,"column":33},"end":{"line":127,"column":1}}],"line":125},"2":{"loc":{"start":{"line":157,"column":9},"end":{"line":161,"column":34}},"type":"binary-expr","locations":[{"start":{"line":157,"column":9},"end":{"line":157,"column":29}},{"start":{"line":158,"column":9},"end":{"line":158,"column":23}},{"start":{"line":159,"column":9},"end":{"line":159,"column":26}},{"start":{"line":160,"column":9},"end":{"line":160,"column":26}},{"start":{"line":161,"column":9},"end":{"line":161,"column":34}}],"line":157}},"s":{"0":4,"1":5,"2":3,"3":2,"4":4,"5":3,"6":2,"7":4,"8":0,"9":76,"10":2,"11":4},"f":{"0":5,"1":3,"2":2,"3":4,"4":3,"5":2,"6":0,"7":76,"8":2},"b":{"0":[2,2],"1":[4,0],"2":[2,2,2,2,1]},"_coverageSchema":"43e27e138ebf9cfc5966b082cf9a028302ed4184","hash":"e26bb95e2b3a4efaa98322c882c98061d7d7389d"}
,"/Users/contolinic/Sites/capital-framework/packages/cf-core/src/cf-vars-breakpoints.js": {"path":"/Users/contolinic/Sites/capital-framework/packages/cf-core/src/cf-vars-breakpoints.js","statementMap":{"0":{"start":{"line":10,"column":0},"end":{"line":30,"column":2}}},"fnMap":{},"branchMap":{},"s":{"0":0},"f":{},"b":{},"hash":"498c0a9b62f51818890751de7982e64039d69532"}
,"/Users/contolinic/Sites/capital-framework/packages/cf-expandables/src/Expandable.js": {"path":"/Users/contolinic/Sites/capital-framework/packages/cf-expandables/src/Expandable.js","statementMap":{"0":{"start":{"line":5,"column":16},"end":{"line":7,"column":9}},"1":{"start":{"line":8,"column":15},"end":{"line":8,"column":68}},"2":{"start":{"line":9,"column":17},"end":{"line":9,"column":73}},"3":{"start":{"line":10,"column":29},"end":{"line":10,"column":64}},"4":{"start":{"line":12,"column":19},"end":{"line":40,"column":3}},"5":{"start":{"line":46,"column":21},"end":{"line":48,"column":3}},"6":{"start":{"line":49,"column":2},"end":{"line":49,"column":38}},"7":{"start":{"line":51,"column":2},"end":{"line":55,"column":3}},"8":{"start":{"line":52,"column":4},"end":{"line":52,"column":64}},"9":{"start":{"line":54,"column":4},"end":{"line":54,"column":65}},"10":{"start":{"line":57,"column":26},"end":{"line":57,"column":77}},"11":{"start":{"line":59,"column":2},"end":{"line":60,"column":70}},"12":{"start":{"line":62,"column":2},"end":{"line":67,"column":3}},"13":{"start":{"line":63,"column":4},"end":{"line":66,"column":6}},"14":{"start":{"line":74,"column":2},"end":{"line":78,"column":3}},"15":{"start":{"line":75,"column":4},"end":{"line":75,"column":39}},"16":{"start":{"line":76,"column":4},"end":{"line":76,"column":45}},"17":{"start":{"line":77,"column":4},"end":{"line":77,"column":33}},"18":{"start":{"line":85,"column":2},"end":{"line":85,"column":37}},"19":{"start":{"line":86,"column":2},"end":{"line":86,"column":43}},"20":{"start":{"line":88,"column":2},"end":{"line":95,"column":3}},"21":{"start":{"line":89,"column":4},"end":{"line":94,"column":5}},"22":{"start":{"line":90,"column":6},"end":{"line":90,"column":35}},"23":{"start":{"line":92,"column":6},"end":{"line":92,"column":63}},"24":{"start":{"line":93,"column":6},"end":{"line":93,"column":34}},"25":{"start":{"line":103,"column":2},"end":{"line":109,"column":3}},"26":{"start":{"line":104,"column":4},"end":{"line":104,"column":65}},"27":{"start":{"line":105,"column":4},"end":{"line":105,"column":67}},"28":{"start":{"line":107,"column":4},"end":{"line":107,"column":64}},"29":{"start":{"line":108,"column":4},"end":{"line":108,"column":68}},"30":{"start":{"line":117,"column":2},"end":{"line":117,"column":42}},"31":{"start":{"line":120,"column":0},"end":{"line":120,"column":28}}},"fnMap":{"0":{"name":"initialize","decl":{"start":{"line":45,"column":9},"end":{"line":45,"column":19}},"loc":{"start":{"line":45,"column":22},"end":{"line":68,"column":1}},"line":45},"1":{"name":"_accordionActivatedHandler","decl":{"start":{"line":73,"column":9},"end":{"line":73,"column":35}},"loc":{"start":{"line":73,"column":38},"end":{"line":79,"column":1}},"line":73},"2":{"name":"expandableClickHandler","decl":{"start":{"line":84,"column":9},"end":{"line":84,"column":31}},"loc":{"start":{"line":84,"column":34},"end":{"line":96,"column":1}},"line":84},"3":{"name":"toggleTargetState","decl":{"start":{"line":102,"column":9},"end":{"line":102,"column":26}},"loc":{"start":{"line":102,"column":38},"end":{"line":110,"column":1}},"line":102},"4":{"name":"getLabelText","decl":{"start":{"line":116,"column":9},"end":{"line":116,"column":21}},"loc":{"start":{"line":116,"column":24},"end":{"line":118,"column":1}},"line":116}},"branchMap":{"0":{"loc":{"start":{"line":51,"column":2},"end":{"line":55,"column":3}},"type":"if","locations":[{"start":{"line":51,"column":2},"end":{"line":55,"column":3}},{"start":{"line":51,"column":2},"end":{"line":55,"column":3}}],"line":51},"1":{"loc":{"start":{"line":59,"column":26},"end":{"line":60,"column":69}},"type":"binary-expr","locations":[{"start":{"line":59,"column":26},"end":{"line":59,"column":50}},{"start":{"line":60,"column":4},"end":{"line":60,"column":69}}],"line":59},"2":{"loc":{"start":{"line":62,"column":2},"end":{"line":67,"column":3}},"type":"if","locations":[{"start":{"line":62,"column":2},"end":{"line":67,"column":3}},{"start":{"line":62,"column":2},"end":{"line":67,"column":3}}],"line":62},"3":{"loc":{"start":{"line":74,"column":2},"end":{"line":78,"column":3}},"type":"if","locations":[{"start":{"line":74,"column":2},"end":{"line":78,"column":3}},{"start":{"line":74,"column":2},"end":{"line":78,"column":3}}],"line":74},"4":{"loc":{"start":{"line":88,"column":2},"end":{"line":95,"column":3}},"type":"if","locations":[{"start":{"line":88,"column":2},"end":{"line":95,"column":3}},{"start":{"line":88,"column":2},"end":{"line":95,"column":3}}],"line":88},"5":{"loc":{"start":{"line":89,"column":4},"end":{"line":94,"column":5}},"type":"if","locations":[{"start":{"line":89,"column":4},"end":{"line":94,"column":5}},{"start":{"line":89,"column":4},"end":{"line":94,"column":5}}],"line":89},"6":{"loc":{"start":{"line":103,"column":2},"end":{"line":109,"column":3}},"type":"if","locations":[{"start":{"line":103,"column":2},"end":{"line":109,"column":3}},{"start":{"line":103,"column":2},"end":{"line":109,"column":3}}],"line":103}},"s":{"0":1,"1":1,"2":1,"3":1,"4":1,"5":26,"6":26,"7":26,"8":6,"9":20,"10":26,"11":26,"12":26,"13":14,"14":100,"15":6,"16":6,"17":6,"18":14,"19":14,"20":14,"21":11,"22":2,"23":9,"24":9,"25":20,"26":9,"27":9,"28":11,"29":11,"30":1,"31":1},"f":{"0":26,"1":100,"2":14,"3":20,"4":1},"b":{"0":[6,20],"1":[26,26],"2":[14,12],"3":[6,94],"4":[11,3],"5":[2,9],"6":[9,11]},"_coverageSchema":"43e27e138ebf9cfc5966b082cf9a028302ed4184","hash":"f0a32d59a05386cdaaebe5a902576741d5fd1cba"}
,"/Users/contolinic/Sites/capital-framework/packages/cf-expandables/src/ExpandableTransition.js": {"path":"/Users/contolinic/Sites/capital-framework/packages/cf-expandables/src/ExpandableTransition.js","statementMap":{"0":{"start":{"line":2,"column":15},"end":{"line":2,"column":68}},"1":{"start":{"line":3,"column":23},"end":{"line":3,"column":95}},"2":{"start":{"line":6,"column":16},"end":{"line":11,"column":1}},"3":{"start":{"line":24,"column":26},"end":{"line":24,"column":64}},"4":{"start":{"line":31,"column":4},"end":{"line":31,"column":27}},"5":{"start":{"line":32,"column":4},"end":{"line":35,"column":6}},"6":{"start":{"line":37,"column":4},"end":{"line":41,"column":5}},"7":{"start":{"line":38,"column":6},"end":{"line":38,"column":20}},"8":{"start":{"line":40,"column":6},"end":{"line":40,"column":22}},"9":{"start":{"line":43,"column":4},"end":{"line":43,"column":16}},"10":{"start":{"line":50,"column":4},"end":{"line":58,"column":5}},"11":{"start":{"line":51,"column":6},"end":{"line":51,"column":58}},"12":{"start":{"line":53,"column":6},"end":{"line":55,"column":7}},"13":{"start":{"line":54,"column":8},"end":{"line":54,"column":62}},"14":{"start":{"line":56,"column":11},"end":{"line":58,"column":5}},"15":{"start":{"line":57,"column":6},"end":{"line":57,"column":60}},"16":{"start":{"line":66,"column":4},"end":{"line":70,"column":5}},"17":{"start":{"line":67,"column":6},"end":{"line":67,"column":20}},"18":{"start":{"line":69,"column":6},"end":{"line":69,"column":22}},"19":{"start":{"line":72,"column":4},"end":{"line":72,"column":16}},"20":{"start":{"line":80,"column":4},"end":{"line":80,"column":60}},"21":{"start":{"line":82,"column":4},"end":{"line":82,"column":42}},"22":{"start":{"line":83,"column":4},"end":{"line":83,"column":34}},"23":{"start":{"line":84,"column":4},"end":{"line":84,"column":52}},"24":{"start":{"line":86,"column":4},"end":{"line":86,"column":16}},"25":{"start":{"line":94,"column":4},"end":{"line":94,"column":58}},"26":{"start":{"line":96,"column":4},"end":{"line":98,"column":5}},"27":{"start":{"line":97,"column":6},"end":{"line":97,"column":44}},"28":{"start":{"line":100,"column":4},"end":{"line":100,"column":52}},"29":{"start":{"line":101,"column":4},"end":{"line":101,"column":51}},"30":{"start":{"line":103,"column":4},"end":{"line":103,"column":16}},"31":{"start":{"line":107,"column":2},"end":{"line":107,"column":36}},"32":{"start":{"line":108,"column":2},"end":{"line":108,"column":38}},"33":{"start":{"line":109,"column":2},"end":{"line":109,"column":40}},"34":{"start":{"line":111,"column":2},"end":{"line":111,"column":47}},"35":{"start":{"line":112,"column":2},"end":{"line":112,"column":45}},"36":{"start":{"line":113,"column":2},"end":{"line":113,"column":35}},"37":{"start":{"line":114,"column":2},"end":{"line":114,"column":47}},"38":{"start":{"line":115,"column":2},"end":{"line":115,"column":47}},"39":{"start":{"line":116,"column":2},"end":{"line":116,"column":39}},"40":{"start":{"line":118,"column":2},"end":{"line":118,"column":19}},"41":{"start":{"line":119,"column":2},"end":{"line":119,"column":43}},"42":{"start":{"line":120,"column":2},"end":{"line":120,"column":27}},"43":{"start":{"line":121,"column":2},"end":{"line":121,"column":23}},"44":{"start":{"line":123,"column":2},"end":{"line":123,"column":14}},"45":{"start":{"line":128,"column":0},"end":{"line":128,"column":39}},"46":{"start":{"line":130,"column":0},"end":{"line":130,"column":38}}},"fnMap":{"0":{"name":"ExpandableTransition","decl":{"start":{"line":23,"column":9},"end":{"line":23,"column":29}},"loc":{"start":{"line":23,"column":41},"end":{"line":124,"column":1}},"line":23},"1":{"name":"init","decl":{"start":{"line":30,"column":11},"end":{"line":30,"column":15}},"loc":{"start":{"line":30,"column":18},"end":{"line":44,"column":3}},"line":30},"2":{"name":"_transitionComplete","decl":{"start":{"line":49,"column":11},"end":{"line":49,"column":30}},"loc":{"start":{"line":49,"column":33},"end":{"line":59,"column":3}},"line":49},"3":{"name":"toggleExpandable","decl":{"start":{"line":65,"column":11},"end":{"line":65,"column":27}},"loc":{"start":{"line":65,"column":30},"end":{"line":73,"column":3}},"line":65},"4":{"name":"collapse","decl":{"start":{"line":79,"column":11},"end":{"line":79,"column":19}},"loc":{"start":{"line":79,"column":22},"end":{"line":87,"column":3}},"line":79},"5":{"name":"expand","decl":{"start":{"line":93,"column":11},"end":{"line":93,"column":17}},"loc":{"start":{"line":93,"column":20},"end":{"line":104,"column":3}},"line":93}},"branchMap":{"0":{"loc":{"start":{"line":37,"column":4},"end":{"line":41,"column":5}},"type":"if","locations":[{"start":{"line":37,"column":4},"end":{"line":41,"column":5}},{"start":{"line":37,"column":4},"end":{"line":41,"column":5}}],"line":37},"1":{"loc":{"start":{"line":50,"column":4},"end":{"line":58,"column":5}},"type":"if","locations":[{"start":{"line":50,"column":4},"end":{"line":58,"column":5}},{"start":{"line":50,"column":4},"end":{"line":58,"column":5}}],"line":50},"2":{"loc":{"start":{"line":53,"column":6},"end":{"line":55,"column":7}},"type":"if","locations":[{"start":{"line":53,"column":6},"end":{"line":55,"column":7}},{"start":{"line":53,"column":6},"end":{"line":55,"column":7}}],"line":53},"3":{"loc":{"start":{"line":56,"column":11},"end":{"line":58,"column":5}},"type":"if","locations":[{"start":{"line":56,"column":11},"end":{"line":58,"column":5}},{"start":{"line":56,"column":11},"end":{"line":58,"column":5}}],"line":56},"4":{"loc":{"start":{"line":66,"column":4},"end":{"line":70,"column":5}},"type":"if","locations":[{"start":{"line":66,"column":4},"end":{"line":70,"column":5}},{"start":{"line":66,"column":4},"end":{"line":70,"column":5}}],"line":66},"5":{"loc":{"start":{"line":96,"column":4},"end":{"line":98,"column":5}},"type":"if","locations":[{"start":{"line":96,"column":4},"end":{"line":98,"column":5}},{"start":{"line":96,"column":4},"end":{"line":98,"column":5}}],"line":96},"6":{"loc":{"start":{"line":96,"column":9},"end":{"line":96,"column":65}},"type":"binary-expr","locations":[{"start":{"line":96,"column":9},"end":{"line":96,"column":24}},{"start":{"line":96,"column":28},"end":{"line":96,"column":65}}],"line":96}},"s":{"0":2,"1":2,"2":2,"3":38,"4":38,"5":38,"6":38,"7":12,"8":26,"9":38,"10":0,"11":0,"12":0,"13":0,"14":0,"15":0,"16":22,"17":12,"18":10,"19":22,"20":37,"21":37,"22":37,"23":37,"24":37,"25":25,"26":25,"27":25,"28":25,"29":25,"30":25,"31":38,"32":38,"33":38,"34":38,"35":38,"36":38,"37":38,"38":38,"39":38,"40":38,"41":38,"42":38,"43":38,"44":38,"45":2,"46":2},"f":{"0":38,"1":38,"2":0,"3":22,"4":37,"5":25},"b":{"0":[12,26],"1":[0,0],"2":[0,0],"3":[0,0],"4":[12,10],"5":[25,0],"6":[25,0]},"_coverageSchema":"43e27e138ebf9cfc5966b082cf9a028302ed4184","hash":"d8d937c392175214a02f52378597cd57c7dfca5f"}
,"/Users/contolinic/Sites/capital-framework/packages/cf-tables/src/Table.js": {"path":"/Users/contolinic/Sites/capital-framework/packages/cf-tables/src/Table.js","statementMap":{"0":{"start":{"line":6,"column":15},"end":{"line":6,"column":68}},"1":{"start":{"line":7,"column":17},"end":{"line":7,"column":73}},"2":{"start":{"line":8,"column":22},"end":{"line":8,"column":50}},"3":{"start":{"line":9,"column":22},"end":{"line":9,"column":50}},"4":{"start":{"line":11,"column":14},"end":{"line":17,"column":3}},"5":{"start":{"line":19,"column":0},"end":{"line":19,"column":47}},"6":{"start":{"line":21,"column":0},"end":{"line":21,"column":23}}},"fnMap":{},"branchMap":{},"s":{"0":1,"1":1,"2":1,"3":1,"4":1,"5":1,"6":1},"f":{},"b":{},"_coverageSchema":"43e27e138ebf9cfc5966b082cf9a028302ed4184","hash":"224424e1c8722b13ecaa544e0437222302a2d0fd"}
,"/Users/contolinic/Sites/capital-framework/packages/cf-tables/src/TableRowLinks.js": {"path":"/Users/contolinic/Sites/capital-framework/packages/cf-tables/src/TableRowLinks.js","statementMap":{"0":{"start":{"line":8,"column":16},"end":{"line":10,"column":9}},"1":{"start":{"line":12,"column":22},"end":{"line":22,"column":1}},"2":{"start":{"line":30,"column":15},"end":{"line":30,"column":27}},"3":{"start":{"line":31,"column":2},"end":{"line":33,"column":3}},"4":{"start":{"line":32,"column":4},"end":{"line":32,"column":11}},"5":{"start":{"line":34,"column":2},"end":{"line":34,"column":41}},"6":{"start":{"line":35,"column":15},"end":{"line":35,"column":42}},"7":{"start":{"line":36,"column":2},"end":{"line":38,"column":3}},"8":{"start":{"line":37,"column":4},"end":{"line":37,"column":50}},"9":{"start":{"line":41,"column":0},"end":{"line":41,"column":31}}},"fnMap":{"0":{"name":"onRowLinkClick","decl":{"start":{"line":29,"column":9},"end":{"line":29,"column":23}},"loc":{"start":{"line":29,"column":33},"end":{"line":39,"column":1}},"line":29}},"branchMap":{"0":{"loc":{"start":{"line":31,"column":2},"end":{"line":33,"column":3}},"type":"if","locations":[{"start":{"line":31,"column":2},"end":{"line":33,"column":3}},{"start":{"line":31,"column":2},"end":{"line":33,"column":3}}],"line":31},"1":{"loc":{"start":{"line":31,"column":7},"end":{"line":31,"column":39}},"type":"binary-expr","locations":[{"start":{"line":31,"column":7},"end":{"line":31,"column":13}},{"start":{"line":31,"column":17},"end":{"line":31,"column":39}}],"line":31},"2":{"loc":{"start":{"line":36,"column":2},"end":{"line":38,"column":3}},"type":"if","locations":[{"start":{"line":36,"column":2},"end":{"line":38,"column":3}},{"start":{"line":36,"column":2},"end":{"line":38,"column":3}}],"line":36}},"s":{"0":1,"1":1,"2":0,"3":0,"4":0,"5":0,"6":0,"7":0,"8":0,"9":1},"f":{"0":0},"b":{"0":[0,0],"1":[0,0],"2":[0,0]},"_coverageSchema":"43e27e138ebf9cfc5966b082cf9a028302ed4184","hash":"07f0b7584a3849bd9e3fb135aa72918730901af4"}
,"/Users/contolinic/Sites/capital-framework/packages/cf-tables/src/TableSortable.js": {"path":"/Users/contolinic/Sites/capital-framework/packages/cf-tables/src/TableSortable.js","statementMap":{"0":{"start":{"line":8,"column":15},"end":{"line":8,"column":68}},"1":{"start":{"line":9,"column":16},"end":{"line":11,"column":9}},"2":{"start":{"line":12,"column":19},"end":{"line":12,"column":36}},"3":{"start":{"line":13,"column":18},"end":{"line":13,"column":34}},"4":{"start":{"line":15,"column":22},"end":{"line":39,"column":1}},"5":{"start":{"line":45,"column":2},"end":{"line":45,"column":29}},"6":{"start":{"line":46,"column":2},"end":{"line":46,"column":35}},"7":{"start":{"line":47,"column":2},"end":{"line":47,"column":33}},"8":{"start":{"line":48,"column":2},"end":{"line":48,"column":22}},"9":{"start":{"line":49,"column":2},"end":{"line":49,"column":24}},"10":{"start":{"line":50,"column":2},"end":{"line":59,"column":3}},"11":{"start":{"line":51,"column":4},"end":{"line":51,"column":49}},"12":{"start":{"line":53,"column":4},"end":{"line":53,"column":39}},"13":{"start":{"line":54,"column":4},"end":{"line":56,"column":5}},"14":{"start":{"line":55,"column":6},"end":{"line":55,"column":43}},"15":{"start":{"line":58,"column":4},"end":{"line":58,"column":23}},"16":{"start":{"line":68,"column":2},"end":{"line":81,"column":6}},"17":{"start":{"line":71,"column":6},"end":{"line":71,"column":27}},"18":{"start":{"line":74,"column":6},"end":{"line":78,"column":7}},"19":{"start":{"line":75,"column":8},"end":{"line":75,"column":45}},"20":{"start":{"line":76,"column":13},"end":{"line":78,"column":7}},"21":{"start":{"line":77,"column":8},"end":{"line":77,"column":47}},"22":{"start":{"line":79,"column":6},"end":{"line":79,"column":28}},"23":{"start":{"line":91,"column":2},"end":{"line":91,"column":70}},"24":{"start":{"line":99,"column":2},"end":{"line":99,"column":57}},"25":{"start":{"line":111,"column":15},"end":{"line":111,"column":57}},"26":{"start":{"line":112,"column":2},"end":{"line":112,"column":22}},"27":{"start":{"line":113,"column":2},"end":{"line":113,"column":52}},"28":{"start":{"line":115,"column":2},"end":{"line":121,"column":3}},"29":{"start":{"line":115,"column":16},"end":{"line":115,"column":17}},"30":{"start":{"line":115,"column":25},"end":{"line":115,"column":36}},"31":{"start":{"line":116,"column":4},"end":{"line":116,"column":38}},"32":{"start":{"line":117,"column":4},"end":{"line":119,"column":5}},"33":{"start":{"line":118,"column":6},"end":{"line":118,"column":37}},"34":{"start":{"line":120,"column":4},"end":{"line":120,"column":45}},"35":{"start":{"line":123,"column":19},"end":{"line":123,"column":70}},"36":{"start":{"line":124,"column":2},"end":{"line":124,"column":78}},"37":{"start":{"line":126,"column":2},"end":{"line":126,"column":24}},"38":{"start":{"line":134,"column":20},"end":{"line":134,"column":37}},"39":{"start":{"line":139,"column":2},"end":{"line":141,"column":3}},"40":{"start":{"line":140,"column":4},"end":{"line":140,"column":49}},"41":{"start":{"line":143,"column":27},"end":{"line":143,"column":60}},"42":{"start":{"line":144,"column":2},"end":{"line":146,"column":3}},"43":{"start":{"line":144,"column":16},"end":{"line":144,"column":17}},"44":{"start":{"line":145,"column":4},"end":{"line":145,"column":57}},"45":{"start":{"line":148,"column":2},"end":{"line":148,"column":44}},"46":{"start":{"line":149,"column":2},"end":{"line":149,"column":34}},"47":{"start":{"line":151,"column":2},"end":{"line":151,"column":19}},"48":{"start":{"line":169,"column":2},"end":{"line":192,"column":4}},"49":{"start":{"line":170,"column":17},"end":{"line":170,"column":55}},"50":{"start":{"line":171,"column":16},"end":{"line":171,"column":17}},"51":{"start":{"line":172,"column":18},"end":{"line":172,"column":28}},"52":{"start":{"line":175,"column":4},"end":{"line":175,"column":13}},"53":{"start":{"line":176,"column":4},"end":{"line":176,"column":13}},"54":{"start":{"line":179,"column":4},"end":{"line":182,"column":5}},"55":{"start":{"line":180,"column":6},"end":{"line":180,"column":43}},"56":{"start":{"line":181,"column":6},"end":{"line":181,"column":43}},"57":{"start":{"line":185,"column":4},"end":{"line":189,"column":5}},"58":{"start":{"line":186,"column":6},"end":{"line":186,"column":24}},"59":{"start":{"line":187,"column":11},"end":{"line":189,"column":5}},"60":{"start":{"line":188,"column":6},"end":{"line":188,"column":19}},"61":{"start":{"line":191,"column":4},"end":{"line":191,"column":17}},"62":{"start":{"line":203,"column":2},"end":{"line":205,"column":3}},"63":{"start":{"line":204,"column":4},"end":{"line":204,"column":58}},"64":{"start":{"line":206,"column":2},"end":{"line":212,"column":3}},"65":{"start":{"line":207,"column":4},"end":{"line":207,"column":45}},"66":{"start":{"line":209,"column":4},"end":{"line":209,"column":38}},"67":{"start":{"line":210,"column":4},"end":{"line":210,"column":49}},"68":{"start":{"line":211,"column":4},"end":{"line":211,"column":39}},"69":{"start":{"line":214,"column":2},"end":{"line":214,"column":53}},"70":{"start":{"line":215,"column":2},"end":{"line":215,"column":21}},"71":{"start":{"line":217,"column":2},"end":{"line":217,"column":14}},"72":{"start":{"line":220,"column":0},"end":{"line":220,"column":31}}},"fnMap":{"0":{"name":"initialize","decl":{"start":{"line":44,"column":9},"end":{"line":44,"column":19}},"loc":{"start":{"line":44,"column":22},"end":{"line":60,"column":1}},"line":44},"1":{"name":"bindProperties","decl":{"start":{"line":65,"column":9},"end":{"line":65,"column":23}},"loc":{"start":{"line":65,"column":26},"end":{"line":82,"column":1}},"line":65},"2":{"name":"(anonymous_2)","decl":{"start":{"line":70,"column":9},"end":{"line":70,"column":10}},"loc":{"start":{"line":70,"column":20},"end":{"line":72,"column":5}},"line":70},"3":{"name":"(anonymous_3)","decl":{"start":{"line":73,"column":9},"end":{"line":73,"column":10}},"loc":{"start":{"line":73,"column":27},"end":{"line":80,"column":5}},"line":73},"4":{"name":"getColumnIndex","decl":{"start":{"line":90,"column":9},"end":{"line":90,"column":23}},"loc":{"start":{"line":90,"column":35},"end":{"line":92,"column":1}},"line":90},"5":{"name":"updateTable","decl":{"start":{"line":98,"column":9},"end":{"line":98,"column":20}},"loc":{"start":{"line":98,"column":23},"end":{"line":100,"column":1}},"line":98},"6":{"name":"updateTableData","decl":{"start":{"line":109,"column":9},"end":{"line":109,"column":24}},"loc":{"start":{"line":109,"column":40},"end":{"line":127,"column":1}},"line":109},"7":{"name":"updateTableDom","decl":{"start":{"line":133,"column":9},"end":{"line":133,"column":23}},"loc":{"start":{"line":133,"column":26},"end":{"line":152,"column":1}},"line":133},"8":{"name":"tableDataSorter","decl":{"start":{"line":168,"column":9},"end":{"line":168,"column":24}},"loc":{"start":{"line":168,"column":48},"end":{"line":193,"column":1}},"line":168},"9":{"name":"(anonymous_9)","decl":{"start":{"line":169,"column":9},"end":{"line":169,"column":10}},"loc":{"start":{"line":169,"column":26},"end":{"line":192,"column":3}},"line":169},"10":{"name":"onSortableClick","decl":{"start":{"line":202,"column":9},"end":{"line":202,"column":24}},"loc":{"start":{"line":202,"column":34},"end":{"line":218,"column":1}},"line":202}},"branchMap":{"0":{"loc":{"start":{"line":50,"column":2},"end":{"line":59,"column":3}},"type":"if","locations":[{"start":{"line":50,"column":2},"end":{"line":59,"column":3}},{"start":{"line":50,"column":2},"end":{"line":59,"column":3}}],"line":50},"1":{"loc":{"start":{"line":54,"column":4},"end":{"line":56,"column":5}},"type":"if","locations":[{"start":{"line":54,"column":4},"end":{"line":56,"column":5}},{"start":{"line":54,"column":4},"end":{"line":56,"column":5}}],"line":54},"2":{"loc":{"start":{"line":74,"column":6},"end":{"line":78,"column":7}},"type":"if","locations":[{"start":{"line":74,"column":6},"end":{"line":78,"column":7}},{"start":{"line":74,"column":6},"end":{"line":78,"column":7}}],"line":74},"3":{"loc":{"start":{"line":76,"column":13},"end":{"line":78,"column":7}},"type":"if","locations":[{"start":{"line":76,"column":13},"end":{"line":78,"column":7}},{"start":{"line":76,"column":13},"end":{"line":78,"column":7}}],"line":76},"4":{"loc":{"start":{"line":91,"column":18},"end":{"line":91,"column":47}},"type":"binary-expr","locations":[{"start":{"line":91,"column":18},"end":{"line":91,"column":25}},{"start":{"line":91,"column":29},"end":{"line":91,"column":47}}],"line":91},"5":{"loc":{"start":{"line":99,"column":9},"end":{"line":99,"column":56}},"type":"binary-expr","locations":[{"start":{"line":99,"column":9},"end":{"line":99,"column":31}},{"start":{"line":99,"column":35},"end":{"line":99,"column":56}}],"line":99},"6":{"loc":{"start":{"line":113,"column":16},"end":{"line":113,"column":51}},"type":"binary-expr","locations":[{"start":{"line":113,"column":16},"end":{"line":113,"column":27}},{"start":{"line":113,"column":31},"end":{"line":113,"column":51}}],"line":113},"7":{"loc":{"start":{"line":117,"column":4},"end":{"line":119,"column":5}},"type":"if","locations":[{"start":{"line":117,"column":4},"end":{"line":119,"column":5}},{"start":{"line":117,"column":4},"end":{"line":119,"column":5}}],"line":117},"8":{"loc":{"start":{"line":170,"column":17},"end":{"line":170,"column":55}},"type":"cond-expr","locations":[{"start":{"line":170,"column":49},"end":{"line":170,"column":51}},{"start":{"line":170,"column":54},"end":{"line":170,"column":55}}],"line":170},"9":{"loc":{"start":{"line":179,"column":4},"end":{"line":182,"column":5}},"type":"if","locations":[{"start":{"line":179,"column":4},"end":{"line":182,"column":5}},{"start":{"line":179,"column":4},"end":{"line":182,"column":5}}],"line":179},"10":{"loc":{"start":{"line":185,"column":4},"end":{"line":189,"column":5}},"type":"if","locations":[{"start":{"line":185,"column":4},"end":{"line":189,"column":5}},{"start":{"line":185,"column":4},"end":{"line":189,"column":5}}],"line":185},"11":{"loc":{"start":{"line":187,"column":11},"end":{"line":189,"column":5}},"type":"if","locations":[{"start":{"line":187,"column":11},"end":{"line":189,"column":5}},{"start":{"line":187,"column":11},"end":{"line":189,"column":5}}],"line":187},"12":{"loc":{"start":{"line":203,"column":2},"end":{"line":205,"column":3}},"type":"if","locations":[{"start":{"line":203,"column":2},"end":{"line":205,"column":3}},{"start":{"line":203,"column":2},"end":{"line":205,"column":3}}],"line":203},"13":{"loc":{"start":{"line":206,"column":2},"end":{"line":212,"column":3}},"type":"if","locations":[{"start":{"line":206,"column":2},"end":{"line":212,"column":3}},{"start":{"line":206,"column":2},"end":{"line":212,"column":3}}],"line":206}},"s":{"0":1,"1":1,"2":1,"3":1,"4":1,"5":1,"6":1,"7":1,"8":1,"9":1,"10":1,"11":1,"12":1,"13":1,"14":0,"15":1,"16":1,"17":1,"18":1,"19":1,"20":0,"21":0,"22":1,"23":3,"24":4,"25":4,"26":4,"27":4,"28":4,"29":4,"30":4,"31":28,"32":28,"33":28,"34":28,"35":4,"36":4,"37":4,"38":4,"39":4,"40":52,"41":4,"42":4,"43":4,"44":28,"45":4,"46":4,"47":4,"48":4,"49":60,"50":60,"51":60,"52":60,"53":60,"54":60,"55":13,"56":13,"57":60,"58":22,"59":38,"60":25,"61":60,"62":3,"63":3,"64":3,"65":1,"66":2,"67":2,"68":2,"69":3,"70":3,"71":3,"72":1},"f":{"0":1,"1":1,"2":1,"3":1,"4":3,"5":4,"6":4,"7":4,"8":4,"9":60,"10":3},"b":{"0":[1,0],"1":[0,1],"2":[1,0],"3":[0,0],"4":[3,3],"5":[4,4],"6":[4,4],"7":[28,0],"8":[19,41],"9":[13,47],"10":[22,38],"11":[25,13],"12":[3,0],"13":[1,2]},"_coverageSchema":"43e27e138ebf9cfc5966b082cf9a028302ed4184","hash":"f0a2b7586fce619b369cf0631e66c463ad8eaa4b"}
}
