TN:
SF:/Users/contolinic/Sites/capital-framework/packages/capital-framework/src/capital-framework.js
FNF:0
FNH:0
DA:2,0
DA:3,0
DA:5,0
DA:6,0
LF:4
LH:0
BRF:0
BRH:0
end_of_record
TN:
SF:/Users/contolinic/Sites/capital-framework/packages/cf-atomic-component/src/components/Atom.js
FNF:0
FNH:0
DA:8,0
DA:9,0
DA:11,0
DA:16,0
LF:4
LH:0
BRF:0
BRH:0
end_of_record
TN:
SF:/Users/contolinic/Sites/capital-framework/packages/cf-atomic-component/src/components/AtomicComponent.js
FN:27,AtomicComponent
FN:36,(anonymous_1)
FN:54,(anonymous_2)
FN:59,(anonymous_3)
FN:76,(anonymous_4)
FN:83,(anonymous_5)
FN:102,(anonymous_6)
FN:119,(anonymous_7)
FN:148,(anonymous_8)
FN:165,(anonymous_9)
FN:184,(anonymous_10)
FN:218,(anonymous_11)
FN:229,(anonymous_12)
FN:244,(anonymous_13)
FN:260,(anonymous_14)
FN:267,child
FN:294,(anonymous_16)
FNF:17
FNH:16
FNDA:43,AtomicComponent
FNDA:44,(anonymous_1)
FNDA:43,(anonymous_2)
FNDA:6,(anonymous_3)
FNDA:1,(anonymous_4)
FNDA:43,(anonymous_5)
FNDA:43,(anonymous_6)
FNDA:43,(anonymous_7)
FNDA:0,(anonymous_8)
FNDA:3,(anonymous_9)
FNDA:43,(anonymous_10)
FNDA:30,(anonymous_11)
FNDA:70,(anonymous_12)
FNDA:43,(anonymous_13)
FNDA:7,(anonymous_14)
FNDA:38,child
FNDA:18,(anonymous_16)
DA:13,3
DA:14,3
DA:15,3
DA:16,3
DA:28,43
DA:29,43
DA:30,43
DA:31,43
DA:32,43
DA:33,43
DA:34,43
DA:35,43
DA:36,43
DA:37,44
DA:39,43
DA:43,3
DA:55,43
DA:56,40
DA:59,3
DA:60,6
DA:61,6
DA:62,3
DA:63,1
DA:64,1
DA:66,3
DA:77,1
DA:84,43
DA:85,3
DA:86,3
DA:87,3
DA:88,3
DA:89,3
DA:91,40
DA:93,43
DA:103,43
DA:104,40
DA:106,43
DA:107,43
DA:109,43
DA:120,43
DA:124,43
DA:125,147
DA:126,147
DA:127,147
DA:128,113
DA:129,34
DA:130,2
DA:132,32
DA:136,43
DA:138,43
DA:149,0
DA:150,0
DA:151,0
DA:152,0
DA:154,0
DA:155,0
DA:157,0
DA:168,3
DA:169,4
DA:170,4
DA:185,43
DA:190,43
DA:191,43
DA:192,30
DA:193,30
DA:194,30
DA:195,30
DA:196,30
DA:197,30
DA:198,30
DA:199,30
DA:200,30
DA:204,30
DA:206,30
DA:219,30
DA:221,30
DA:230,70
DA:231,0
DA:233,70
DA:235,70
DA:245,43
DA:260,3
DA:268,38
DA:269,38
DA:272,7
DA:273,7
DA:274,7
DA:276,7
DA:278,4
DA:281,7
DA:283,7
DA:294,3
DA:295,18
DA:296,18
DA:297,18
DA:300,18
DA:301,37
DA:302,37
DA:303,37
DA:307,18
DA:310,3
LF:101
LH:93
BRDA:37,0,0,28
BRDA:37,0,1,16
BRDA:55,1,0,40
BRDA:55,1,1,3
BRDA:61,2,0,3
BRDA:61,2,1,3
BRDA:62,3,0,1
BRDA:62,3,1,2
BRDA:84,4,0,3
BRDA:84,4,1,40
BRDA:86,5,0,3
BRDA:86,5,1,2
BRDA:87,6,0,1
BRDA:87,6,1,2
BRDA:103,7,0,40
BRDA:103,7,1,3
BRDA:125,8,0,147
BRDA:125,8,1,0
BRDA:127,9,0,113
BRDA:127,9,1,34
BRDA:129,10,0,2
BRDA:129,10,1,32
BRDA:149,11,0,0
BRDA:149,11,1,0
BRDA:151,12,0,0
BRDA:151,12,1,0
BRDA:169,13,0,4
BRDA:169,13,1,0
BRDA:190,14,0,43
BRDA:190,14,1,43
BRDA:191,15,0,13
BRDA:191,15,1,30
BRDA:195,16,0,30
BRDA:195,16,1,0
BRDA:197,17,0,30
BRDA:197,17,1,0
BRDA:198,18,0,30
BRDA:198,18,1,0
BRDA:230,19,0,0
BRDA:230,19,1,70
BRDA:276,20,0,4
BRDA:276,20,1,3
BRDA:276,21,0,7
BRDA:276,21,1,4
BRDA:295,22,0,18
BRDA:295,22,1,17
BRDA:302,23,0,37
BRDA:302,23,1,0
BRF:48
BRH:37
end_of_record
TN:
SF:/Users/contolinic/Sites/capital-framework/packages/cf-atomic-component/src/components/Molecule.js
FNF:0
FNH:0
DA:8,0
DA:9,0
DA:11,0
DA:16,0
LF:4
LH:0
BRF:0
BRH:0
end_of_record
TN:
SF:/Users/contolinic/Sites/capital-framework/packages/cf-atomic-component/src/components/Organism.js
FNF:0
FNH:0
DA:8,2
DA:9,2
DA:11,2
DA:16,2
LF:4
LH:4
BRF:0
BRH:0
end_of_record
TN:
SF:/Users/contolinic/Sites/capital-framework/packages/cf-atomic-component/src/components/Page.js
FNF:0
FNH:0
DA:8,0
DA:9,0
DA:11,0
DA:16,0
LF:4
LH:0
BRF:0
BRH:0
end_of_record
TN:
SF:/Users/contolinic/Sites/capital-framework/packages/cf-atomic-component/src/components/_Template.js
FNF:0
FNH:0
DA:8,0
DA:9,0
DA:11,0
DA:16,0
LF:4
LH:0
BRF:0
BRH:0
end_of_record
TN:
SF:/Users/contolinic/Sites/capital-framework/packages/cf-atomic-component/src/mixins/Events.js
FN:17,(anonymous_0)
FN:32,(anonymous_1)
FN:44,(anonymous_2)
FNF:3
FNH:3
FNDA:74,(anonymous_0)
FNDA:1,(anonymous_1)
FNDA:227,(anonymous_2)
DA:7,8
DA:18,74
DA:19,74
DA:20,74
DA:22,74
DA:33,1
DA:35,1
DA:45,227
DA:46,227
DA:47,215
DA:49,12
DA:50,103
DA:53,12
DA:57,8
LF:14
LH:14
BRDA:18,0,0,74
BRDA:18,0,1,56
BRDA:19,1,0,74
BRDA:19,1,1,59
BRDA:33,2,0,1
BRDA:33,2,1,0
BRDA:33,3,0,1
BRDA:33,3,1,1
BRDA:45,4,0,227
BRDA:45,4,1,74
BRDA:46,5,0,215
BRDA:46,5,1,12
BRF:12
BRH:11
end_of_record
TN:
SF:/Users/contolinic/Sites/capital-framework/packages/cf-atomic-component/src/utilities/dom-closest/index.js
FN:18,closest
FNF:1
FNH:1
FNDA:39,closest
DA:19,39
DA:20,36
DA:23,3
DA:29,3
DA:30,3
DA:31,0
DA:33,3
DA:36,3
DA:39,3
DA:44,3
LF:10
LH:9
BRDA:19,0,0,36
BRDA:19,0,1,3
BRDA:23,1,0,3
BRDA:23,1,1,3
BRDA:23,1,2,2
BRDA:23,1,3,1
BRDA:30,2,0,0
BRDA:30,2,1,3
BRDA:36,3,0,0
BRDA:36,3,1,3
BRF:10
BRH:8
end_of_record
TN:
SF:/Users/contolinic/Sites/capital-framework/packages/cf-atomic-component/src/utilities/object-assign/index.js
FN:15,_isPlainObject
FN:29,assign
FNF:2
FNH:2
FNDA:316,_isPlainObject
FNDA:134,assign
DA:16,316
DA:30,134
DA:31,134
DA:32,139
DA:34,139
DA:35,316
DA:36,316
DA:37,316
DA:38,20
DA:40,296
DA:46,134
DA:51,4
LF:12
LH:12
BRDA:30,0,0,134
BRDA:30,0,1,0
BRDA:32,1,0,139
BRDA:32,1,1,50
BRDA:35,2,0,316
BRDA:35,2,1,0
BRDA:37,3,0,20
BRDA:37,3,1,296
BRDA:38,4,0,20
BRDA:38,4,1,17
BRF:10
BRH:8
end_of_record
TN:
SF:/Users/contolinic/Sites/capital-framework/packages/cf-atomic-component/src/utilities/transition/AlphaTransition.js
FN:22,AlphaTransition
FN:29,init
FN:42,_transitionComplete
FN:50,fadeIn
FN:60,fadeOut
FNF:5
FNH:4
FNDA:4,AlphaTransition
FNDA:4,init
FNDA:0,_transitionComplete
FNDA:2,fadeIn
FNDA:2,fadeOut
DA:2,1
DA:3,1
DA:6,1
DA:24,4
DA:30,4
DA:31,4
DA:32,4
DA:36,4
DA:43,0
DA:51,2
DA:53,2
DA:61,2
DA:63,2
DA:67,4
DA:68,4
DA:69,4
DA:71,4
DA:72,4
DA:73,4
DA:74,4
DA:75,4
DA:76,4
DA:78,4
DA:79,4
DA:80,4
DA:82,4
DA:86,1
DA:88,1
LF:28
LH:27
BRF:0
BRH:0
end_of_record
TN:
SF:/Users/contolinic/Sites/capital-framework/packages/cf-atomic-component/src/utilities/transition/BaseTransition.js
FN:19,BaseTransition
FN:33,init
FN:45,setElement
FN:63,animateOn
FN:74,animateOff
FN:85,isAnimated
FN:93,halt
FN:114,_addEventListener
FN:132,_removeEventListener
FN:139,_transitionComplete
FN:151,_flush
FN:168,remove
FN:185,applyClass
FN:212,_getTransitionEndEvent
FNF:14
FNH:13
FNDA:66,BaseTransition
FNDA:64,init
FNDA:65,setElement
FNDA:5,animateOn
FNDA:5,animateOff
FNDA:4,isAnimated
FNDA:2,halt
FNDA:77,_addEventListener
FNDA:77,_removeEventListener
FNDA:0,_transitionComplete
FNDA:55,_flush
FNDA:3,remove
FNDA:79,applyClass
FNDA:65,_getTransitionEndEvent
DA:2,5
DA:20,66
DA:27,66
DA:28,66
DA:34,64
DA:35,64
DA:36,64
DA:38,64
DA:50,65
DA:51,1
DA:52,1
DA:54,65
DA:55,65
DA:56,65
DA:64,5
DA:65,4
DA:67,4
DA:75,5
DA:76,4
DA:78,4
DA:86,4
DA:87,3
DA:94,2
DA:95,0
DA:96,0
DA:97,0
DA:98,0
DA:99,0
DA:103,0
DA:104,0
DA:105,0
DA:106,0
DA:107,0
DA:115,77
DA:117,77
DA:118,77
DA:122,77
DA:124,0
DA:125,0
DA:133,77
DA:140,0
DA:141,0
DA:142,0
DA:153,55
DA:154,237
DA:157,24
DA:169,3
DA:170,2
DA:171,2
DA:172,2
DA:173,2
DA:176,1
DA:186,79
DA:187,78
DA:188,53
DA:189,53
DA:192,78
DA:193,1
DA:196,77
DA:197,77
DA:198,77
DA:199,77
DA:200,77
DA:202,77
DA:213,65
DA:214,0
DA:215,0
DA:219,65
DA:227,65
DA:228,260
DA:230,65
DA:231,65
DA:234,65
DA:239,66
DA:240,66
DA:241,66
DA:243,66
DA:244,66
DA:245,66
DA:246,66
DA:247,66
DA:248,66
DA:249,66
DA:250,66
DA:252,66
DA:257,5
DA:258,5
DA:259,5
DA:261,5
LF:89
LH:72
BRDA:50,0,0,1
BRDA:50,0,1,64
BRDA:64,1,0,1
BRDA:64,1,1,4
BRDA:75,2,0,1
BRDA:75,2,1,4
BRDA:86,3,0,1
BRDA:86,3,1,3
BRDA:94,4,0,2
BRDA:94,4,1,0
BRDA:117,5,0,77
BRDA:117,5,1,0
BRDA:154,6,0,24
BRDA:154,6,1,213
BRDA:154,7,0,237
BRDA:154,7,1,237
BRDA:154,7,2,182
BRDA:169,8,0,2
BRDA:169,8,1,1
BRDA:186,9,0,1
BRDA:186,9,1,78
BRDA:187,10,0,53
BRDA:187,10,1,25
BRDA:192,11,0,1
BRDA:192,11,1,77
BRDA:213,12,0,0
BRDA:213,12,1,65
BRDA:228,13,0,65
BRDA:228,13,1,195
BRDA:228,14,0,260
BRDA:228,14,1,260
BRF:31
BRH:28
end_of_record
TN:
SF:/Users/contolinic/Sites/capital-framework/packages/cf-atomic-component/src/utilities/transition/MoveTransition.js
FN:27,MoveTransition
FN:34,init
FN:47,_transitionComplete
FN:55,moveToOrigin
FN:67,moveLeft
FN:88,moveRight
FN:98,moveUp
FNF:7
FNH:6
FNDA:11,MoveTransition
FNDA:11,init
FNDA:0,_transitionComplete
FNDA:2,moveToOrigin
FNDA:4,moveLeft
FNDA:2,moveRight
FNDA:3,moveUp
DA:2,1
DA:3,1
DA:6,1
DA:29,11
DA:35,11
DA:36,11
DA:37,11
DA:41,11
DA:48,0
DA:56,2
DA:58,2
DA:68,4
DA:69,4
DA:75,4
DA:76,1
DA:79,3
DA:81,3
DA:89,2
DA:91,2
DA:99,3
DA:101,3
DA:105,11
DA:106,11
DA:107,11
DA:109,11
DA:110,11
DA:111,11
DA:112,11
DA:113,11
DA:114,11
DA:116,11
DA:117,11
DA:118,11
DA:119,11
DA:120,11
DA:122,11
DA:127,1
DA:129,1
LF:38
LH:37
BRDA:68,0,0,4
BRDA:68,0,1,1
BRDA:75,1,0,1
BRDA:75,1,1,3
BRDA:75,2,0,4
BRDA:75,2,1,4
BRF:6
BRH:6
end_of_record
TN:
SF:/Users/contolinic/Sites/capital-framework/packages/cf-atomic-component/src/utilities/type-checkers/index.js
FN:25,isUndefined
FN:40,isDefined
FN:57,isObject
FN:73,isString
FN:95,isNumber
FN:110,isDate
FN:125,isArray
FN:140,isFunction
FN:156,isEmpty
FNF:9
FNH:8
FNDA:5,isUndefined
FNDA:3,isDefined
FNDA:2,isObject
FNDA:4,isString
FNDA:3,isNumber
FNDA:2,isDate
FNDA:0,isArray
FNDA:76,isFunction
FNDA:2,isEmpty
DA:13,4
DA:26,5
DA:41,3
DA:59,2
DA:74,4
DA:96,3
DA:111,2
DA:125,4
DA:126,0
DA:141,76
DA:157,2
DA:166,4
LF:12
LH:11
BRDA:59,0,0,2
BRDA:59,0,1,2
BRDA:125,1,0,4
BRDA:125,1,1,0
BRDA:157,2,0,2
BRDA:157,2,1,2
BRDA:157,2,2,2
BRDA:157,2,3,2
BRDA:157,2,4,1
BRF:9
BRH:8
end_of_record
TN:
SF:/Users/contolinic/Sites/capital-framework/packages/cf-core/src/cf-vars-breakpoints.js
FNF:0
FNH:0
DA:10,0
LF:1
LH:0
BRF:0
BRH:0
end_of_record
TN:
SF:/Users/contolinic/Sites/capital-framework/packages/cf-expandables/src/Expandable.js
FN:45,initialize
FN:73,_accordionActivatedHandler
FN:84,expandableClickHandler
FN:102,toggleTargetState
FN:116,getLabelText
FNF:5
FNH:5
FNDA:26,initialize
FNDA:100,_accordionActivatedHandler
FNDA:14,expandableClickHandler
FNDA:20,toggleTargetState
FNDA:1,getLabelText
DA:5,1
DA:8,1
DA:9,1
DA:10,1
DA:12,1
DA:46,26
DA:49,26
DA:51,26
DA:52,6
DA:54,20
DA:57,26
DA:59,26
DA:62,26
DA:63,14
DA:74,100
DA:75,6
DA:76,6
DA:77,6
DA:85,14
DA:86,14
DA:88,14
DA:89,11
DA:90,2
DA:92,9
DA:93,9
DA:103,20
DA:104,9
DA:105,9
DA:107,11
DA:108,11
DA:117,1
DA:120,1
LF:32
LH:32
BRDA:51,0,0,6
BRDA:51,0,1,20
BRDA:59,1,0,26
BRDA:59,1,1,26
BRDA:62,2,0,14
BRDA:62,2,1,12
BRDA:74,3,0,6
BRDA:74,3,1,94
BRDA:88,4,0,11
BRDA:88,4,1,3
BRDA:89,5,0,2
BRDA:89,5,1,9
BRDA:103,6,0,9
BRDA:103,6,1,11
BRF:14
BRH:14
end_of_record
TN:
SF:/Users/contolinic/Sites/capital-framework/packages/cf-expandables/src/ExpandableTransition.js
FN:23,ExpandableTransition
FN:30,init
FN:49,_transitionComplete
FN:65,toggleExpandable
FN:79,collapse
FN:93,expand
FNF:6
FNH:5
FNDA:38,ExpandableTransition
FNDA:38,init
FNDA:0,_transitionComplete
FNDA:22,toggleExpandable
FNDA:37,collapse
FNDA:25,expand
DA:2,2
DA:3,2
DA:6,2
DA:24,38
DA:31,38
DA:32,38
DA:37,38
DA:38,12
DA:40,26
DA:43,38
DA:50,0
DA:51,0
DA:53,0
DA:54,0
DA:56,0
DA:57,0
DA:66,22
DA:67,12
DA:69,10
DA:72,22
DA:80,37
DA:82,37
DA:83,37
DA:84,37
DA:86,37
DA:94,25
DA:96,25
DA:97,25
DA:100,25
DA:101,25
DA:103,25
DA:107,38
DA:108,38
DA:109,38
DA:111,38
DA:112,38
DA:113,38
DA:114,38
DA:115,38
DA:116,38
DA:118,38
DA:119,38
DA:120,38
DA:121,38
DA:123,38
DA:128,2
DA:130,2
LF:47
LH:41
BRDA:37,0,0,12
BRDA:37,0,1,26
BRDA:50,1,0,0
BRDA:50,1,1,0
BRDA:53,2,0,0
BRDA:53,2,1,0
BRDA:56,3,0,0
BRDA:56,3,1,0
BRDA:66,4,0,12
BRDA:66,4,1,10
BRDA:96,5,0,25
BRDA:96,5,1,0
BRDA:96,6,0,25
BRDA:96,6,1,0
BRF:14
BRH:6
end_of_record
TN:
SF:/Users/contolinic/Sites/capital-framework/packages/cf-tables/src/Table.js
FNF:0
FNH:0
DA:6,1
DA:7,1
DA:8,1
DA:9,1
DA:11,1
DA:19,1
DA:21,1
LF:7
LH:7
BRF:0
BRH:0
end_of_record
TN:
SF:/Users/contolinic/Sites/capital-framework/packages/cf-tables/src/TableRowLinks.js
FN:29,onRowLinkClick
FNF:1
FNH:0
FNDA:0,onRowLinkClick
DA:8,1
DA:12,1
DA:30,0
DA:31,0
DA:32,0
DA:34,0
DA:35,0
DA:36,0
DA:37,0
DA:41,1
LF:10
LH:3
BRDA:31,0,0,0
BRDA:31,0,1,0
BRDA:31,1,0,0
BRDA:31,1,1,0
BRDA:36,2,0,0
BRDA:36,2,1,0
BRF:6
BRH:0
end_of_record
TN:
SF:/Users/contolinic/Sites/capital-framework/packages/cf-tables/src/TableSortable.js
FN:44,initialize
FN:65,bindProperties
FN:70,(anonymous_2)
FN:73,(anonymous_3)
FN:90,getColumnIndex
FN:98,updateTable
FN:109,updateTableData
FN:133,updateTableDom
FN:168,tableDataSorter
FN:169,(anonymous_9)
FN:202,onSortableClick
FNF:11
FNH:11
FNDA:1,initialize
FNDA:1,bindProperties
FNDA:1,(anonymous_2)
FNDA:1,(anonymous_3)
FNDA:3,getColumnIndex
FNDA:4,updateTable
FNDA:4,updateTableData
FNDA:4,updateTableDom
FNDA:4,tableDataSorter
FNDA:60,(anonymous_9)
FNDA:3,onSortableClick
DA:8,1
DA:9,1
DA:12,1
DA:13,1
DA:15,1
DA:45,1
DA:46,1
DA:47,1
DA:48,1
DA:49,1
DA:50,1
DA:51,1
DA:53,1
DA:54,1
DA:55,0
DA:58,1
DA:68,1
DA:71,1
DA:74,1
DA:75,1
DA:76,0
DA:77,0
DA:79,1
DA:91,3
DA:99,4
DA:111,4
DA:112,4
DA:113,4
DA:115,4
DA:116,28
DA:117,28
DA:118,28
DA:120,28
DA:123,4
DA:124,4
DA:126,4
DA:134,4
DA:139,4
DA:140,52
DA:143,4
DA:144,4
DA:145,28
DA:148,4
DA:149,4
DA:151,4
DA:169,4
DA:170,60
DA:171,60
DA:172,60
DA:175,60
DA:176,60
DA:179,60
DA:180,13
DA:181,13
DA:185,60
DA:186,22
DA:187,38
DA:188,25
DA:191,60
DA:203,3
DA:204,3
DA:206,3
DA:207,1
DA:209,2
DA:210,2
DA:211,2
DA:214,3
DA:215,3
DA:217,3
DA:220,1
LF:70
LH:67
BRDA:50,0,0,1
BRDA:50,0,1,0
BRDA:54,1,0,0
BRDA:54,1,1,1
BRDA:74,2,0,1
BRDA:74,2,1,0
BRDA:76,3,0,0
BRDA:76,3,1,0
BRDA:91,4,0,3
BRDA:91,4,1,3
BRDA:99,5,0,4
BRDA:99,5,1,4
BRDA:113,6,0,4
BRDA:113,6,1,4
BRDA:117,7,0,28
BRDA:117,7,1,0
BRDA:170,8,0,19
BRDA:170,8,1,41
BRDA:179,9,0,13
BRDA:179,9,1,47
BRDA:185,10,0,22
BRDA:185,10,1,38
BRDA:187,11,0,25
BRDA:187,11,1,13
BRDA:203,12,0,3
BRDA:203,12,1,0
BRDA:206,13,0,1
BRDA:206,13,1,2
BRF:28
BRH:21
end_of_record
